#
# A fatal error has been detected by the Java Runtime Environment:
#
#  EXCEPTION_ACCESS_VIOLATION (0xc0000005) at pc=0x00007ffb756f1f37, pid=16872, tid=12876
#
# JRE version: OpenJDK Runtime Environment (19.0.1+10) (build 19.0.1+10-21)
# Java VM: OpenJDK 64-Bit Server VM (19.0.1+10-21, mixed mode, emulated-client, sharing, tiered, compressed oops, compressed class ptrs, g1 gc, windows-amd64)
# Problematic frame:
# C  0x00007ffb756f1f37
#
# No core dump will be written. Minidumps are not enabled by default on client versions of Windows
#
# If you would like to submit a bug report, please visit:
#   https://bugreport.java.com/bugreport/crash.jsp
# The crash happened outside the Java Virtual Machine in native code.
# See problematic frame for where to report the bug.
#

---------------  S U M M A R Y ------------

Command Line: -XX:TieredStopAtLevel=1 -Dspring.output.ansi.enabled=always -Dcom.sun.management.jmxremote -Dspring.jmx.enabled=true -Dspring.liveBeansView.mbeanDomain -Dspring.application.admin.enabled=true -javaagent:C:\Program Files\JetBrains\IntelliJ IDEA 2022.2.3\lib\idea_rt.jar=52000:C:\Program Files\JetBrains\IntelliJ IDEA 2022.2.3\bin -Dfile.encoding=UTF-8 -Dsun.stdout.encoding=UTF-8 -Dsun.stderr.encoding=UTF-8 com.example.lab2.Lab2Application

Host: AMD Ryzen 7 6800H with Radeon Graphics         , 16 cores, 13G,  Windows 11 , 64 bit Build 22621 (10.0.22621.963)
Time: Wed Jan 11 19:37:07 2023 RTZ 3 (s 11 , 64 bit Build 22621 (10.0.22621.963) elapsed time: 429.934561 seconds (0d 0h 7m 9s)

---------------  T H R E A D  ---------------

Current thread (0x000001f2b9db38b0):  JavaThread "http-nio-8080-exec-4" daemon [_thread_in_native, id=12876, stack(0x000000018fe00000,0x000000018ff00000)]

Stack: [0x000000018fe00000,0x000000018ff00000],  sp=0x000000018fefca98,  free space=1010k
Native frames: (J=compiled Java code, j=interpreted, Vv=VM code, C=native code)
C  0x00007ffb756f1f37

Java frames: (J=compiled Java code, j=interpreted, Vv=VM code)
j  com.fasterxml.jackson.core.JsonFactory._createUTF8Generator(Ljava/io/OutputStream;Lcom/fasterxml/jackson/core/io/IOContext;)Lcom/fasterxml/jackson/core/JsonGenerator;+0
j  com.fasterxml.jackson.core.JsonFactory.createGenerator(Ljava/io/OutputStream;Lcom/fasterxml/jackson/core/JsonEncoding;)Lcom/fasterxml/jackson/core/JsonGenerator;+31
j  org.springframework.http.converter.json.AbstractJackson2HttpMessageConverter.writeInternal(Ljava/lang/Object;Ljava/lang/reflect/Type;Lorg/springframework/http/HttpOutputMessage;)V+99
j  org.springframework.http.converter.AbstractGenericHttpMessageConverter.write(Ljava/lang/Object;Ljava/lang/reflect/Type;Lorg/springframework/http/MediaType;Lorg/springframework/http/HttpOutputMessage;)V+57
j  org.springframework.web.servlet.mvc.method.annotation.AbstractMessageConverterMethodProcessor.writeWithMessageConverters(Ljava/lang/Object;Lorg/springframework/core/MethodParameter;Lorg/springframework/http/server/ServletServerHttpRequest;Lorg/springframework/http/server/ServletServerHttpResponse;)V+781
j  org.springframework.web.servlet.mvc.method.annotation.RequestResponseBodyMethodProcessor.handleReturnValue(Ljava/lang/Object;Lorg/springframework/core/MethodParameter;Lorg/springframework/web/method/support/ModelAndViewContainer;Lorg/springframework/web/context/request/NativeWebRequest;)V+84
j  org.springframework.web.method.support.HandlerMethodReturnValueHandlerComposite.handleReturnValue(Ljava/lang/Object;Lorg/springframework/core/MethodParameter;Lorg/springframework/web/method/support/ModelAndViewContainer;Lorg/springframework/web/context/request/NativeWebRequest;)V+40
j  org.springframework.hateoas.server.mvc.RepresentationModelProcessorHandlerMethodReturnValueHandler.handleReturnValue(Ljava/lang/Object;Lorg/springframework/core/MethodParameter;Lorg/springframework/web/method/support/ModelAndViewContainer;Lorg/springframework/web/context/request/NativeWebRequest;)V+36
j  org.springframework.web.method.support.HandlerMethodReturnValueHandlerComposite.handleReturnValue(Ljava/lang/Object;Lorg/springframework/core/MethodParameter;Lorg/springframework/web/method/support/ModelAndViewContainer;Lorg/springframework/web/context/request/NativeWebRequest;)V+40
j  org.springframework.web.servlet.mvc.method.annotation.ServletInvocableHandlerMethod.invokeAndHandle(Lorg/springframework/web/context/request/ServletWebRequest;Lorg/springframework/web/method/support/ModelAndViewContainer;[Ljava/lang/Object;)V+104
j  org.springframework.web.servlet.mvc.method.annotation.RequestMappingHandlerAdapter.invokeHandlerMethod(Ljakarta/servlet/http/HttpServletRequest;Ljakarta/servlet/http/HttpServletResponse;Lorg/springframework/web/method/HandlerMethod;)Lorg/springframework/web/servlet/ModelAndView;+244
j  org.springframework.web.servlet.mvc.method.annotation.RequestMappingHandlerAdapter.handleInternal(Ljakarta/servlet/http/HttpServletRequest;Ljakarta/servlet/http/HttpServletResponse;Lorg/springframework/web/method/HandlerMethod;)Lorg/springframework/web/servlet/ModelAndView;+81
j  org.springframework.web.servlet.mvc.method.AbstractHandlerMethodAdapter.handle(Ljakarta/servlet/http/HttpServletRequest;Ljakarta/servlet/http/HttpServletResponse;Ljava/lang/Object;)Lorg/springframework/web/servlet/ModelAndView;+7
j  org.springframework.web.servlet.DispatcherServlet.doDispatch(Ljakarta/servlet/http/HttpServletRequest;Ljakarta/servlet/http/HttpServletResponse;)V+259
j  org.springframework.web.servlet.DispatcherServlet.doService(Ljakarta/servlet/http/HttpServletRequest;Ljakarta/servlet/http/HttpServletResponse;)V+242
j  org.springframework.web.servlet.FrameworkServlet.processRequest(Ljakarta/servlet/http/HttpServletRequest;Ljakarta/servlet/http/HttpServletResponse;)V+70
j  org.springframework.web.servlet.FrameworkServlet.doGet(Ljakarta/servlet/http/HttpServletRequest;Ljakarta/servlet/http/HttpServletResponse;)V+3
j  jakarta.servlet.http.HttpServlet.service(Ljakarta/servlet/http/HttpServletRequest;Ljakarta/servlet/http/HttpServletResponse;)V+35
j  org.springframework.web.servlet.FrameworkServlet.service(Ljakarta/servlet/http/HttpServletRequest;Ljakarta/servlet/http/HttpServletResponse;)V+20
j  jakarta.servlet.http.HttpServlet.service(Ljakarta/servlet/ServletRequest;Ljakarta/servlet/ServletResponse;)V+36
j  org.apache.catalina.core.ApplicationFilterChain.internalDoFilter(Ljakarta/servlet/ServletRequest;Ljakarta/servlet/ServletResponse;)V+305
j  org.apache.catalina.core.ApplicationFilterChain.doFilter(Ljakarta/servlet/ServletRequest;Ljakarta/servlet/ServletResponse;)V+99
j  org.apache.tomcat.websocket.server.WsFilter.doFilter(Ljakarta/servlet/ServletRequest;Ljakarta/servlet/ServletResponse;Ljakarta/servlet/FilterChain;)V+21
j  org.apache.catalina.core.ApplicationFilterChain.internalDoFilter(Ljakarta/servlet/ServletRequest;Ljakarta/servlet/ServletResponse;)V+135
j  org.apache.catalina.core.ApplicationFilterChain.doFilter(Ljakarta/servlet/ServletRequest;Ljakarta/servlet/ServletResponse;)V+99
j  com.example.lab2.filter.ResponseFilter.doFilter(Ljakarta/servlet/ServletRequest;Ljakarta/servlet/ServletResponse;Ljakarta/servlet/FilterChain;)V+31
j  org.apache.catalina.core.ApplicationFilterChain.internalDoFilter(Ljakarta/servlet/ServletRequest;Ljakarta/servlet/ServletResponse;)V+135
j  org.apache.catalina.core.ApplicationFilterChain.doFilter(Ljakarta/servlet/ServletRequest;Ljakarta/servlet/ServletResponse;)V+99
j  org.springframework.web.filter.RequestContextFilter.doFilterInternal(Ljakarta/servlet/http/HttpServletRequest;Ljakarta/servlet/http/HttpServletResponse;Ljakarta/servlet/FilterChain;)V+21
j  org.springframework.web.filter.OncePerRequestFilter.doFilter(Ljakarta/servlet/ServletRequest;Ljakarta/servlet/ServletResponse;Ljakarta/servlet/FilterChain;)V+150
j  org.apache.catalina.core.ApplicationFilterChain.internalDoFilter(Ljakarta/servlet/ServletRequest;Ljakarta/servlet/ServletResponse;)V+135
j  org.apache.catalina.core.ApplicationFilterChain.doFilter(Ljakarta/servlet/ServletRequest;Ljakarta/servlet/ServletResponse;)V+99
j  org.springframework.web.filter.FormContentFilter.doFilterInternal(Ljakarta/servlet/http/HttpServletRequest;Ljakarta/servlet/http/HttpServletResponse;Ljakarta/servlet/FilterChain;)V+38
j  org.springframework.web.filter.OncePerRequestFilter.doFilter(Ljakarta/servlet/ServletRequest;Ljakarta/servlet/ServletResponse;Ljakarta/servlet/FilterChain;)V+150
j  org.apache.catalina.core.ApplicationFilterChain.internalDoFilter(Ljakarta/servlet/ServletRequest;Ljakarta/servlet/ServletResponse;)V+135
j  org.apache.catalina.core.ApplicationFilterChain.doFilter(Ljakarta/servlet/ServletRequest;Ljakarta/servlet/ServletResponse;)V+99
j  org.springframework.web.filter.CharacterEncodingFilter.doFilterInternal(Ljakarta/servlet/http/HttpServletRequest;Ljakarta/servlet/http/HttpServletResponse;Ljakarta/servlet/FilterChain;)V+53
j  org.springframework.web.filter.OncePerRequestFilter.doFilter(Ljakarta/servlet/ServletRequest;Ljakarta/servlet/ServletResponse;Ljakarta/servlet/FilterChain;)V+150
j  org.apache.catalina.core.ApplicationFilterChain.internalDoFilter(Ljakarta/servlet/ServletRequest;Ljakarta/servlet/ServletResponse;)V+135
j  org.apache.catalina.core.ApplicationFilterChain.doFilter(Ljakarta/servlet/ServletRequest;Ljakarta/servlet/ServletResponse;)V+99
j  org.apache.catalina.core.StandardWrapperValve.invoke(Lorg/apache/catalina/connector/Request;Lorg/apache/catalina/connector/Response;)V+514
j  org.apache.catalina.core.StandardContextValve.invoke(Lorg/apache/catalina/connector/Request;Lorg/apache/catalina/connector/Response;)V+169
j  org.apache.catalina.authenticator.AuthenticatorBase.invoke(Lorg/apache/catalina/connector/Request;Lorg/apache/catalina/connector/Response;)V+218
j  org.apache.catalina.core.StandardHostValve.invoke(Lorg/apache/catalina/connector/Request;Lorg/apache/catalina/connector/Response;)V+131
j  org.apache.catalina.valves.ErrorReportValve.invoke(Lorg/apache/catalina/connector/Request;Lorg/apache/catalina/connector/Response;)V+6
j  org.apache.catalina.core.StandardEngineValve.invoke(Lorg/apache/catalina/connector/Request;Lorg/apache/catalina/connector/Response;)V+59
j  org.apache.catalina.connector.CoyoteAdapter.service(Lorg/apache/coyote/Request;Lorg/apache/coyote/Response;)V+203
j  org.apache.coyote.http11.Http11Processor.service(Lorg/apache/tomcat/util/net/SocketWrapperBase;)Lorg/apache/tomcat/util/net/AbstractEndpoint$Handler$SocketState;+785
j  org.apache.coyote.AbstractProcessorLight.process(Lorg/apache/tomcat/util/net/SocketWrapperBase;Lorg/apache/tomcat/util/net/SocketEvent;)Lorg/apache/tomcat/util/net/AbstractEndpoint$Handler$SocketState;+152
j  org.apache.coyote.AbstractProtocol$ConnectionHandler.process(Lorg/apache/tomcat/util/net/SocketWrapperBase;Lorg/apache/tomcat/util/net/SocketEvent;)Lorg/apache/tomcat/util/net/AbstractEndpoint$Handler$SocketState;+482
j  org.apache.tomcat.util.net.NioEndpoint$SocketProcessor.doRun()V+249
j  org.apache.tomcat.util.net.SocketProcessorBase.run()V+32
j  org.apache.tomcat.util.threads.ThreadPoolExecutor.runWorker(Lorg/apache/tomcat/util/threads/ThreadPoolExecutor$Worker;)V+92
j  org.apache.tomcat.util.threads.ThreadPoolExecutor$Worker.run()V+5
j  org.apache.tomcat.util.threads.TaskThread$WrappingRunnable.run()V+4
j  java.lang.Thread.run()V+13 java.base@19.0.1
v  ~StubRoutines::call_stub 0x000001f2a50b100e

siginfo: EXCEPTION_ACCESS_VIOLATION (0xc0000005), data execution prevention violation at address 0x00007ffb756f1f37


Registers:
RAX=0x00007ffb756f1f37, RBX=0x000001f2b9db38b0, RCX=0x000001f2ba4eade0, RDX=0x000001f2b9db3b90
RSP=0x000000018fefca98, RBP=0x0000000000000000, RSI=0x000001f2b7c95d80, RDI=0x000001f2ba6aee78
R8 =0x000001f2ba6aee70, R9 =0x000001f2ba6aee78, R10=0x00007ffbb11b0000, R11=0x00007ffbb11b1b74
R12=0x0000000000000000, R13=0x000001f2ba4eade0, R14=0x0000000801201ab8, R15=0x000001f2ba6aee70
RIP=0x00007ffb756f1f37, EFLAGS=0x0000000000010202


Register to memory mapping:

RIP=0x00007ffb756f1f37 is an unknown value
RAX=0x00007ffb756f1f37 is an unknown value
RBX=0x000001f2b9db38b0 is a thread
RCX=0x000001f2ba4eade0 points into unknown readable memory: 0x00007ffb51e98ff0 | f0 8f e9 51 fb 7f 00 00
RDX=0x000001f2b9db3b90 points into unknown readable memory: 0x00007ffb51e8f9a0 | a0 f9 e8 51 fb 7f 00 00
RSP=0x000000018fefca98 is pointing into the stack for thread: 0x000001f2b9db38b0
RBP=0x0 is NULL
RSI=0x000001f2b7c95d80 points into unknown readable memory: 0x000001f2b864cbf0 | f0 cb 64 b8 f2 01 00 00
RDI=0x000001f2ba6aee78 points into unknown readable memory: 0x00000007258d6080 | 80 60 8d 25 07 00 00 00
R8 =0x000001f2ba6aee70 points into unknown readable memory: 0x0000000726669248 | 48 92 66 26 07 00 00 00
R9 =0x000001f2ba6aee78 points into unknown readable memory: 0x00000007258d6080 | 80 60 8d 25 07 00 00 00
R10=0x00007ffbb11b0000 VCRUNTIME140.dll
R11=0x00007ffbb11b1b74 VCRUNTIME140.dll
R12=0x0 is NULL
R13=0x000001f2ba4eade0 points into unknown readable memory: 0x00007ffb51e98ff0 | f0 8f e9 51 fb 7f 00 00
R14=0x0000000801201ab8 is a pointer to class: 
com.fasterxml.jackson.core.json.JsonGeneratorImpl {0x0000000801201ac0}
 - instance size:     7
 - klass size:        204
 - access:            public synchronized abstract 
 - state:             linked
 - name:              'com/fasterxml/jackson/core/json/JsonGeneratorImpl'
 - super:             'com/fasterxml/jackson/core/base/GeneratorBase'
 - sub:               'com/fasterxml/jackson/core/json/WriterBasedJsonGenerator'   'com/fasterxml/jackson/core/json/UTF8JsonGenerator'   
 - arrays:            NULL
 - methods:           Array<T>(0x000001f2b4808ca0)
 - method ordering:   Array<T>(0x0000000800afd490)
 - default_methods:   Array<T>(0x0000000000000000)
 - local interfaces:  Array<T>(0x00000008005ebcb8)
 - trans. interfaces: Array<T>(0x000001f2b45d7948)
 - constants:         constant pool [214] {0x000001f2b48084b0} for 'com/fasterxml/jackson/core/json/JsonGeneratorImpl' cache=0x000001f2b620cd48
 - class loader data:  loader data: 0x000001f2b7ceef70 for instance a 'jdk/internal/loader/ClassLoaders$AppClassLoader'{0x0000000725096598}
 - source file:       'JsonGeneratorImpl.java'
 - class annotations:       Array<T>(0x0000000000000000)
 - class type annotations:  Array<T>(0x0000000000000000)
 - field annotations:       Array<T>(0x0000000000000000)
 - field type annotations:  Array<T>(0x0000000000000000)
 - inner classes:     Array<T>(0x000001f2b4809968)
 - nest members:     Array<T>(0x00000008005ebc40)
 - permitted subclasses:     Array<T>(0x00000008005ebc40)
 - java mirror:       a 'java/lang/Class'{0x00000007258d6080} = 'com/fasterxml/jackson/core/json/JsonGeneratorImpl'
 - vtable length      132  (start addr: 0x0000000801201c70)
 - itable length      14 (start addr: 0x0000000801202090)
 - ---- static fields (1 words):
 - protected static final 'sOutputEscapes' '[I' @112 
 - protected static final 'JSON_WRITE_CAPABILITIES' 'Lcom/fasterxml/jackson/core/util/JacksonFeatureSet;' @116 
 - ---- non-static fields (10 words):
 - protected '_cfgPrettyPrinter' 'Lcom/fasterxml/jackson/core/PrettyPrinter;' @12 
 - protected '_features' 'I' @16 
 - protected '_cfgNumbersAsStrings' 'Z' @20 
 - protected '_closed' 'Z' @21 
 - protected '_objectCodec' 'Lcom/fasterxml/jackson/core/ObjectCodec;' @24 
 - protected '_writeContext' 'Lcom/fasterxml/jackson/core/json/JsonWriteContext;' @28 
 - protected '_cfgUnqNames' 'Z' @22 
 - protected '_cfgWriteHexUppercase' 'Z' @23 
 - protected '_maximumNonEscapedChar' 'I' @32 
 - protected final '_ioContext' 'Lcom/fasterxml/jackson/core/io/IOContext;' @36 
 - protected '_outputEscapes' '[I' @40 
 - protected '_characterEscapes' 'Lcom/fasterxml/jackson/core/io/CharacterEscapes;' @44 
 - protected '_rootValueSeparator' 'Lcom/fasterxml/jackson/core/SerializableString;' @48 
 - non-static oop maps: 12-12 24-28 36-48 
R15=0x000001f2ba6aee70 points into unknown readable memory: 0x0000000726669248 | 48 92 66 26 07 00 00 00


Top of Stack: (sp=0x000000018fefca98)
0x000000018fefca98:   00007ffb518b7565 000001f2b9db38b0
0x000000018fefcaa8:   0000000000000000 000001f2b7c95d80
0x000000018fefcab8:   000001f2ba594238 000001f2ba4eade0
0x000000018fefcac8:   00007ffb515cb2a9 000001f29d163440
0x000000018fefcad8:   00000008004646c8 0000000000000001
0x000000018fefcae8:   00000000000001d8 000001f2ba5705d0
0x000000018fefcaf8:   000001f2b9bc53d0 000001f2b9bc53e0
0x000000018fefcb08:   000001f2b9bc57b8 00000000000003d8
0x000000018fefcb18:   000001f2b9db38b0 000001f2b9db38b0
0x000000018fefcb28:   000001f2ba570a50 000001f2ba505c90
0x000000018fefcb38:   000001f2ba505d70 000001f2ba505d78
0x000000018fefcb48:   00000000000000d8 000000018fefcb60
0x000000018fefcb58:   000000018fefcbc0 000001f2b9db38b0
0x000000018fefcb68:   000001f2ba570a50 000001f2ba505c90
0x000000018fefcb78:   000001f2ba505d70 000001f2ba505d78
0x000000018fefcb88:   00000000000000d8 000000018fefcca8 

Instructions: (pc=0x00007ffb756f1f37)
0x00007ffb756f1e37:   ?? ?? ?? ?? ?? ?? ?? ?? ?? ?? ?? ?? ?? ?? ?? ??
0x00007ffb756f1e47:   ?? ?? ?? ?? ?? ?? ?? ?? ?? ?? ?? ?? ?? ?? ?? ??
0x00007ffb756f1e57:   ?? ?? ?? ?? ?? ?? ?? ?? ?? ?? ?? ?? ?? ?? ?? ??
0x00007ffb756f1e67:   ?? ?? ?? ?? ?? ?? ?? ?? ?? ?? ?? ?? ?? ?? ?? ??
0x00007ffb756f1e77:   ?? ?? ?? ?? ?? ?? ?? ?? ?? ?? ?? ?? ?? ?? ?? ??
0x00007ffb756f1e87:   ?? ?? ?? ?? ?? ?? ?? ?? ?? ?? ?? ?? ?? ?? ?? ??
0x00007ffb756f1e97:   ?? ?? ?? ?? ?? ?? ?? ?? ?? ?? ?? ?? ?? ?? ?? ??
0x00007ffb756f1ea7:   ?? ?? ?? ?? ?? ?? ?? ?? ?? ?? ?? ?? ?? ?? ?? ??
0x00007ffb756f1eb7:   ?? ?? ?? ?? ?? ?? ?? ?? ?? ?? ?? ?? ?? ?? ?? ??
0x00007ffb756f1ec7:   ?? ?? ?? ?? ?? ?? ?? ?? ?? ?? ?? ?? ?? ?? ?? ??
0x00007ffb756f1ed7:   ?? ?? ?? ?? ?? ?? ?? ?? ?? ?? ?? ?? ?? ?? ?? ??
0x00007ffb756f1ee7:   ?? ?? ?? ?? ?? ?? ?? ?? ?? ?? ?? ?? ?? ?? ?? ??
0x00007ffb756f1ef7:   ?? ?? ?? ?? ?? ?? ?? ?? ?? ?? ?? ?? ?? ?? ?? ??
0x00007ffb756f1f07:   ?? ?? ?? ?? ?? ?? ?? ?? ?? ?? ?? ?? ?? ?? ?? ??
0x00007ffb756f1f17:   ?? ?? ?? ?? ?? ?? ?? ?? ?? ?? ?? ?? ?? ?? ?? ??
0x00007ffb756f1f27:   ?? ?? ?? ?? ?? ?? ?? ?? ?? ?? ?? ?? ?? ?? ?? ??
0x00007ffb756f1f37:   ?? ?? ?? ?? ?? ?? ?? ?? ?? ?? ?? ?? ?? ?? ?? ??
0x00007ffb756f1f47:   ?? ?? ?? ?? ?? ?? ?? ?? ?? ?? ?? ?? ?? ?? ?? ??
0x00007ffb756f1f57:   ?? ?? ?? ?? ?? ?? ?? ?? ?? ?? ?? ?? ?? ?? ?? ??
0x00007ffb756f1f67:   ?? ?? ?? ?? ?? ?? ?? ?? ?? ?? ?? ?? ?? ?? ?? ??
0x00007ffb756f1f77:   ?? ?? ?? ?? ?? ?? ?? ?? ?? ?? ?? ?? ?? ?? ?? ??
0x00007ffb756f1f87:   ?? ?? ?? ?? ?? ?? ?? ?? ?? ?? ?? ?? ?? ?? ?? ??
0x00007ffb756f1f97:   ?? ?? ?? ?? ?? ?? ?? ?? ?? ?? ?? ?? ?? ?? ?? ??
0x00007ffb756f1fa7:   ?? ?? ?? ?? ?? ?? ?? ?? ?? ?? ?? ?? ?? ?? ?? ??
0x00007ffb756f1fb7:   ?? ?? ?? ?? ?? ?? ?? ?? ?? ?? ?? ?? ?? ?? ?? ??
0x00007ffb756f1fc7:   ?? ?? ?? ?? ?? ?? ?? ?? ?? ?? ?? ?? ?? ?? ?? ??
0x00007ffb756f1fd7:   ?? ?? ?? ?? ?? ?? ?? ?? ?? ?? ?? ?? ?? ?? ?? ??
0x00007ffb756f1fe7:   ?? ?? ?? ?? ?? ?? ?? ?? ?? ?? ?? ?? ?? ?? ?? ??
0x00007ffb756f1ff7:   ?? ?? ?? ?? ?? ?? ?? ?? ?? ?? ?? ?? ?? ?? ?? ??
0x00007ffb756f2007:   ?? ?? ?? ?? ?? ?? ?? ?? ?? ?? ?? ?? ?? ?? ?? ??
0x00007ffb756f2017:   ?? ?? ?? ?? ?? ?? ?? ?? ?? ?? ?? ?? ?? ?? ?? ??
0x00007ffb756f2027:   ?? ?? ?? ?? ?? ?? ?? ?? ?? ?? ?? ?? ?? ?? ?? ?? 


Stack slot to memory mapping:
stack at sp + 0 slots: 0x00007ffb518b7565 jvm.dll
stack at sp + 1 slots: 0x000001f2b9db38b0 is a thread
stack at sp + 2 slots: 0x0 is NULL
stack at sp + 3 slots: 0x000001f2b7c95d80 points into unknown readable memory: 0x000001f2b864cbf0 | f0 cb 64 b8 f2 01 00 00
stack at sp + 4 slots: 0x000001f2ba594238 points into unknown readable memory: 0x000001f2b9db38b0 | b0 38 db b9 f2 01 00 00
stack at sp + 5 slots: 0x000001f2ba4eade0 points into unknown readable memory: 0x00007ffb51e98ff0 | f0 8f e9 51 fb 7f 00 00
stack at sp + 6 slots: 0x00007ffb515cb2a9 jvm.dll
stack at sp + 7 slots: 0x000001f29d163440 points into unknown readable memory: 0x0000000000000000 | 00 00 00 00 00 00 00 00


---------------  P R O C E S S  ---------------

Threads class SMR info:
_java_thread_list=0x000001f2ba59f180, length=31, elements={
0x000001f2b346fd60, 0x000001f2b3470890, 0x000001f2b347dc70, 0x000001f2b347e5a0,
0x000001f2b7c20090, 0x000001f2b7c209c0, 0x000001f2b7c212f0, 0x000001f2b3488400,
0x000001f2b3446150, 0x000001f2b7ff9140, 0x000001f2b7ffe3d0, 0x000001f2b82dde80,
0x000001f2b92b5910, 0x000001f2b8ff9d80, 0x000001f2b8fbcf80, 0x000001f2b8fbe4e0,
0x000001f2b9db0e30, 0x000001f2b9db28c0, 0x000001f2b9db3e00, 0x000001f2b9db4350,
0x000001f2b9db2e10, 0x000001f2b9db38b0, 0x000001f2b9db3360, 0x000001f2b9db1380,
0x000001f2b9db18d0, 0x000001f2b9db1e20, 0x000001f2ba59a5a0, 0x000001f2ba59d570,
0x000001f2ba59e010, 0x000001f2ba5975d0, 0x000001f2ba597080
}

Java Threads: ( => current thread )
  0x000001f2b346fd60 JavaThread "Reference Handler" daemon [_thread_blocked, id=15900, stack(0x000000018cf00000,0x000000018d000000)]
  0x000001f2b3470890 JavaThread "Finalizer" daemon [_thread_blocked, id=7744, stack(0x000000018d000000,0x000000018d100000)]
  0x000001f2b347dc70 JavaThread "Signal Dispatcher" daemon [_thread_blocked, id=17308, stack(0x000000018d100000,0x000000018d200000)]
  0x000001f2b347e5a0 JavaThread "Attach Listener" daemon [_thread_blocked, id=15372, stack(0x000000018d200000,0x000000018d300000)]
  0x000001f2b7c20090 JavaThread "Service Thread" daemon [_thread_blocked, id=14344, stack(0x000000018d300000,0x000000018d400000)]
  0x000001f2b7c209c0 JavaThread "Monitor Deflation Thread" daemon [_thread_blocked, id=3496, stack(0x000000018d400000,0x000000018d500000)]
  0x000001f2b7c212f0 JavaThread "C1 CompilerThread0" daemon [_thread_blocked, id=4772, stack(0x000000018d500000,0x000000018d600000)]
  0x000001f2b3488400 JavaThread "Sweeper thread" daemon [_thread_blocked, id=13376, stack(0x000000018d600000,0x000000018d700000)]
  0x000001f2b3446150 JavaThread "Common-Cleaner" daemon [_thread_blocked, id=16848, stack(0x000000018d700000,0x000000018d800000)]
  0x000001f2b7ff9140 JavaThread "Monitor Ctrl-Break" daemon [_thread_in_native, id=3760, stack(0x000000018db00000,0x000000018dc00000)]
  0x000001f2b7ffe3d0 JavaThread "Notification Thread" daemon [_thread_blocked, id=6212, stack(0x000000018dc00000,0x000000018dd00000)]
  0x000001f2b82dde80 JavaThread "RMI TCP Accept-0" daemon [_thread_in_native, id=9092, stack(0x000000018dd00000,0x000000018de00000)]
  0x000001f2b92b5910 JavaThread "RMI Scheduler(0)" daemon [_thread_blocked, id=4332, stack(0x000000018ee00000,0x000000018ef00000)]
  0x000001f2b8ff9d80 JavaThread "Catalina-utility-1" [_thread_blocked, id=8028, stack(0x000000018f400000,0x000000018f500000)]
  0x000001f2b8fbcf80 JavaThread "Catalina-utility-2" [_thread_blocked, id=3924, stack(0x000000018f500000,0x000000018f600000)]
  0x000001f2b8fbe4e0 JavaThread "container-0" [_thread_blocked, id=12676, stack(0x000000018f600000,0x000000018f700000)]
  0x000001f2b9db0e30 JavaThread "HikariPool-1 housekeeper" daemon [_thread_blocked, id=3332, stack(0x000000018f800000,0x000000018f900000)]
  0x000001f2b9db28c0 JavaThread "File Watcher" daemon [_thread_blocked, id=10144, stack(0x000000018fa00000,0x000000018fb00000)]
  0x000001f2b9db3e00 JavaThread "http-nio-8080-exec-1" daemon [_thread_blocked, id=6648, stack(0x000000018fb00000,0x000000018fc00000)]
  0x000001f2b9db4350 JavaThread "http-nio-8080-exec-2" daemon [_thread_blocked, id=13992, stack(0x000000018fc00000,0x000000018fd00000)]
  0x000001f2b9db2e10 JavaThread "http-nio-8080-exec-3" daemon [_thread_blocked, id=13516, stack(0x000000018fd00000,0x000000018fe00000)]
=>0x000001f2b9db38b0 JavaThread "http-nio-8080-exec-4" daemon [_thread_in_native, id=12876, stack(0x000000018fe00000,0x000000018ff00000)]
  0x000001f2b9db3360 JavaThread "http-nio-8080-exec-5" daemon [_thread_blocked, id=13824, stack(0x000000018ff00000,0x0000000190000000)]
  0x000001f2b9db1380 JavaThread "http-nio-8080-exec-6" daemon [_thread_blocked, id=16564, stack(0x0000000190000000,0x0000000190100000)]
  0x000001f2b9db18d0 JavaThread "http-nio-8080-exec-7" daemon [_thread_blocked, id=1780, stack(0x0000000190100000,0x0000000190200000)]
  0x000001f2b9db1e20 JavaThread "http-nio-8080-exec-8" daemon [_thread_blocked, id=3548, stack(0x0000000190200000,0x0000000190300000)]
  0x000001f2ba59a5a0 JavaThread "http-nio-8080-exec-9" daemon [_thread_blocked, id=16340, stack(0x0000000190300000,0x0000000190400000)]
  0x000001f2ba59d570 JavaThread "http-nio-8080-exec-10" daemon [_thread_blocked, id=17228, stack(0x0000000190400000,0x0000000190500000)]
  0x000001f2ba59e010 JavaThread "http-nio-8080-Poller" daemon [_thread_in_native, id=15712, stack(0x0000000190500000,0x0000000190600000)]
  0x000001f2ba5975d0 JavaThread "http-nio-8080-Acceptor" daemon [_thread_in_native, id=5992, stack(0x0000000190600000,0x0000000190700000)]
  0x000001f2ba597080 JavaThread "DestroyJavaVM" [_thread_blocked, id=10648, stack(0x000000018c800000,0x000000018c900000)]

Other Threads:
  0x000001f2b34574c0 VMThread "VM Thread" [stack: 0x000000018ce00000,0x000000018cf00000] [id=14004]
  0x000001f29d169600 WatcherThread "VM Periodic Task Thread" [stack: 0x000000018de00000,0x000000018df00000] [id=2784]
  0x000001f29d1ce220 WorkerThread "GC Thread#0" [stack: 0x000000018c900000,0x000000018ca00000] [id=12612]
  0x000001f2b8692780 WorkerThread "GC Thread#1" [stack: 0x000000018df00000,0x000000018e000000] [id=13024]
  0x000001f2b8693590 WorkerThread "GC Thread#2" [stack: 0x000000018e000000,0x000000018e100000] [id=11924]
  0x000001f2b8692a50 WorkerThread "GC Thread#3" [stack: 0x000000018e100000,0x000000018e200000] [id=15328]
  0x000001f2b8693860 WorkerThread "GC Thread#4" [stack: 0x000000018e200000,0x000000018e300000] [id=11680]
  0x000001f2b8693b30 WorkerThread "GC Thread#5" [stack: 0x000000018e300000,0x000000018e400000] [id=16568]
  0x000001f2b8693e00 WorkerThread "GC Thread#6" [stack: 0x000000018e400000,0x000000018e500000] [id=6584]
  0x000001f2b8692ff0 WorkerThread "GC Thread#7" [stack: 0x000000018e800000,0x000000018e900000] [id=1136]
  0x000001f2b86940d0 WorkerThread "GC Thread#8" [stack: 0x000000018e900000,0x000000018ea00000] [id=13520]
  0x000001f2b86932c0 WorkerThread "GC Thread#9" [stack: 0x000000018ea00000,0x000000018eb00000] [id=15640]
  0x000001f2b8fa9890 WorkerThread "GC Thread#10" [stack: 0x000000018ef00000,0x000000018f000000] [id=13604]
  0x000001f2b8faaf10 WorkerThread "GC Thread#11" [stack: 0x000000018f000000,0x000000018f100000] [id=14288]
  0x000001f2b8fa76d0 WorkerThread "GC Thread#12" [stack: 0x000000018f100000,0x000000018f200000] [id=13168]
  0x000001f29d1f98d0 ConcurrentGCThread "G1 Main Marker" [stack: 0x000000018ca00000,0x000000018cb00000] [id=14564]
  0x000001f29d1fbab0 WorkerThread "G1 Conc#0" [stack: 0x000000018cb00000,0x000000018cc00000] [id=8152]
  0x000001f2b8fa9020 WorkerThread "G1 Conc#1" [stack: 0x000000018f200000,0x000000018f300000] [id=9456]
  0x000001f2b8faac40 WorkerThread "G1 Conc#2" [stack: 0x000000018f300000,0x000000018f400000] [id=11888]
  0x000001f2b3310770 ConcurrentGCThread "G1 Refine#0" [stack: 0x000000018cc00000,0x000000018cd00000] [id=2608]
  0x000001f2b3312160 ConcurrentGCThread "G1 Service" [stack: 0x000000018cd00000,0x000000018ce00000] [id=3292]

Threads with active compile tasks:

VM state: not at safepoint (normal execution)

VM Mutex/Monitor currently owned by a thread: None

Heap address: 0x0000000724e00000, size: 3506 MB, Compressed Oops mode: Zero based, Oop shift amount: 3

CDS archive(s) mapped at: [0x0000000800000000-0x0000000800c30000-0x0000000800c30000), size 12779520, SharedBaseAddress: 0x0000000800000000, ArchiveRelocationMode: 0.
Compressed class space mapped at: 0x0000000801000000-0x0000000841000000, reserved size: 1073741824
Narrow klass base: 0x0000000800000000, Narrow klass shift: 0, Narrow klass range: 0x100000000

GC Precious Log:
 CardTable entry size: 512
 Card Set container configuration: InlinePtr #cards 4 size 8 Array Of Cards #cards 16 size 48 Howl #buckets 8 coarsen threshold 3686 Howl Bitmap #cards 512 size 80 coarsen threshold 460 Card regions per heap region 1 cards per card region 4096
 CPUs: 16 total, 16 available
 Memory: 14020M
 Large Page Support: Disabled
 NUMA Support: Disabled
 Compressed Oops: Enabled (Zero based)
 Heap Region Size: 2M
 Heap Min Capacity: 8M
 Heap Initial Capacity: 220M
 Heap Max Capacity: 3506M
 Pre-touch: Disabled
 Parallel Workers: 13
 Concurrent Workers: 3
 Concurrent Refinement Workers: 13
 Periodic GC: Disabled

Heap:
 garbage-first heap   total 81920K, used 30065K [0x0000000724e00000, 0x0000000800000000)
  region size 2048K, 2 young (4096K), 1 survivors (2048K)
 Metaspace       used 63939K, committed 64704K, reserved 1114112K
  class space    used 8779K, committed 9152K, reserved 1048576K

Heap Regions: E=young(eden), S=young(survivor), O=old, HS=humongous(starts), HC=humongous(continues), CS=collection set, F=free, OA=open archive, CA=closed archive, TAMS=top-at-mark-start (previous, next)
|   0|0x0000000724e00000, 0x0000000725000000, 0x0000000725000000|100%| O|  |TAMS 0x0000000725000000, 0x0000000724e00000| Untracked 
|   1|0x0000000725000000, 0x0000000725200000, 0x0000000725200000|100%| O|  |TAMS 0x0000000725200000, 0x0000000725000000| Untracked 
|   2|0x0000000725200000, 0x0000000725400000, 0x0000000725400000|100%| O|  |TAMS 0x0000000725400000, 0x0000000725200000| Untracked 
|   3|0x0000000725400000, 0x0000000725600000, 0x0000000725600000|100%| O|  |TAMS 0x0000000725600000, 0x0000000725400000| Untracked 
|   4|0x0000000725600000, 0x0000000725800000, 0x0000000725800000|100%| O|  |TAMS 0x0000000725800000, 0x0000000725600000| Untracked 
|   5|0x0000000725800000, 0x0000000725a00000, 0x0000000725a00000|100%| O|  |TAMS 0x0000000725a00000, 0x0000000725800000| Untracked 
|   6|0x0000000725a00000, 0x0000000725c00000, 0x0000000725c00000|100%| O|  |TAMS 0x0000000725c00000, 0x0000000725a00000| Untracked 
|   7|0x0000000725c00000, 0x0000000725e00000, 0x0000000725e00000|100%| O|  |TAMS 0x0000000725e00000, 0x0000000725c00000| Complete 
|   8|0x0000000725e00000, 0x0000000726000000, 0x0000000726000000|100%| O|  |TAMS 0x0000000726000000, 0x0000000725e00000| Untracked 
|   9|0x0000000726000000, 0x0000000726200000, 0x0000000726200000|100%| O|  |TAMS 0x0000000726200000, 0x0000000726000000| Untracked 
|  10|0x0000000726200000, 0x0000000726400000, 0x0000000726400000|100%| O|  |TAMS 0x0000000726400000, 0x0000000726200000| Untracked 
|  11|0x0000000726400000, 0x0000000726600000, 0x0000000726600000|100%| O|  |TAMS 0x0000000726600000, 0x0000000726400000| Untracked 
|  12|0x0000000726600000, 0x0000000726800000, 0x0000000726800000|100%| O|  |TAMS 0x0000000726624800, 0x0000000726600000| Untracked 
|  13|0x0000000726800000, 0x0000000726980800, 0x0000000726a00000| 75%| O|  |TAMS 0x0000000726800000, 0x0000000726800000| Untracked 
|  14|0x0000000726a00000, 0x0000000726a00000, 0x0000000726c00000|  0%| F|  |TAMS 0x0000000726a00000, 0x0000000726a00000| Untracked 
|  15|0x0000000726c00000, 0x0000000726c00000, 0x0000000726e00000|  0%| F|  |TAMS 0x0000000726c00000, 0x0000000726c00000| Untracked 
|  16|0x0000000726e00000, 0x0000000726e00000, 0x0000000727000000|  0%| F|  |TAMS 0x0000000726e00000, 0x0000000726e00000| Untracked 
|  17|0x0000000727000000, 0x0000000727000000, 0x0000000727200000|  0%| F|  |TAMS 0x0000000727000000, 0x0000000727000000| Untracked 
|  18|0x0000000727200000, 0x0000000727200000, 0x0000000727400000|  0%| F|  |TAMS 0x0000000727200000, 0x0000000727200000| Untracked 
|  19|0x0000000727400000, 0x0000000727400000, 0x0000000727600000|  0%| F|  |TAMS 0x0000000727400000, 0x0000000727400000| Untracked 
|  20|0x0000000727600000, 0x0000000727600000, 0x0000000727800000|  0%| F|  |TAMS 0x0000000727600000, 0x0000000727600000| Untracked 
|  21|0x0000000727800000, 0x0000000727800000, 0x0000000727a00000|  0%| F|  |TAMS 0x0000000727800000, 0x0000000727800000| Untracked 
|  22|0x0000000727a00000, 0x0000000727bdbe88, 0x0000000727c00000| 92%| S|CS|TAMS 0x0000000727a00000, 0x0000000727a00000| Complete 
|  23|0x0000000727c00000, 0x0000000727c00000, 0x0000000727e00000|  0%| F|  |TAMS 0x0000000727c00000, 0x0000000727c00000| Untracked 
|  24|0x0000000727e00000, 0x0000000727e00000, 0x0000000728000000|  0%| F|  |TAMS 0x0000000727e00000, 0x0000000727e00000| Untracked 
|  25|0x0000000728000000, 0x0000000728000000, 0x0000000728200000|  0%| F|  |TAMS 0x0000000728000000, 0x0000000728000000| Untracked 
|  26|0x0000000728200000, 0x0000000728200000, 0x0000000728400000|  0%| F|  |TAMS 0x0000000728200000, 0x0000000728200000| Untracked 
|  27|0x0000000728400000, 0x0000000728400000, 0x0000000728600000|  0%| F|  |TAMS 0x0000000728400000, 0x0000000728400000| Untracked 
|  28|0x0000000728600000, 0x0000000728600000, 0x0000000728800000|  0%| F|  |TAMS 0x0000000728600000, 0x0000000728600000| Untracked 
|  29|0x0000000728800000, 0x0000000728800000, 0x0000000728a00000|  0%| F|  |TAMS 0x0000000728800000, 0x0000000728800000| Untracked 
|  30|0x0000000728a00000, 0x0000000728a00000, 0x0000000728c00000|  0%| F|  |TAMS 0x0000000728a00000, 0x0000000728a00000| Untracked 
|  31|0x0000000728c00000, 0x0000000728c00000, 0x0000000728e00000|  0%| F|  |TAMS 0x0000000728c00000, 0x0000000728c00000| Untracked 
|  32|0x0000000728e00000, 0x0000000728e00000, 0x0000000729000000|  0%| F|  |TAMS 0x0000000728e00000, 0x0000000728e00000| Untracked 
|  33|0x0000000729000000, 0x0000000729000000, 0x0000000729200000|  0%| F|  |TAMS 0x0000000729000000, 0x0000000729000000| Untracked 
|  34|0x0000000729200000, 0x0000000729200000, 0x0000000729400000|  0%| F|  |TAMS 0x0000000729200000, 0x0000000729200000| Untracked 
|  35|0x0000000729400000, 0x0000000729400000, 0x0000000729600000|  0%| F|  |TAMS 0x0000000729400000, 0x0000000729400000| Untracked 
|  49|0x000000072b000000, 0x000000072b000000, 0x000000072b200000|  0%| F|  |TAMS 0x000000072b000000, 0x000000072b000000| Untracked 
|  50|0x000000072b200000, 0x000000072b200000, 0x000000072b400000|  0%| F|  |TAMS 0x000000072b200000, 0x000000072b200000| Untracked 
|  51|0x000000072b400000, 0x000000072b400000, 0x000000072b600000|  0%| F|  |TAMS 0x000000072b400000, 0x000000072b400000| Untracked 
| 109|0x0000000732800000, 0x00000007328dc9c8, 0x0000000732a00000| 43%| E|  |TAMS 0x0000000732800000, 0x0000000732800000| Complete 

Card table byte_map: [0x000001f2a8e00000,0x000001f2a94e0000] _byte_map_base: 0x000001f2a54d9000

Marking Bits (Prev, Next): (CMBitMap*) 0x000001f29d1ce890, (CMBitMap*) 0x000001f29d1ce850
 Prev Bits: [0x000001f2ad290000, 0x000001f2b0958000)
 Next Bits: [0x000001f2a9bc0000, 0x000001f2ad288000)

Polling page: 0x000001f29c920000

Metaspace:

Usage:
  Non-class:     53.87 MB used.
      Class:      8.57 MB used.
       Both:     62.44 MB used.

Virtual space:
  Non-class space:       64.00 MB reserved,      54.25 MB ( 85%) committed,  1 nodes.
      Class space:        1.00 GB reserved,       8.94 MB ( <1%) committed,  1 nodes.
             Both:        1.06 GB reserved,      63.19 MB (  6%) committed. 

Chunk freelists:
   Non-Class:  1.00 MB
       Class:  3.00 MB
        Both:  4.00 MB

MaxMetaspaceSize: unlimited
CompressedClassSpaceSize: 1.00 GB
Initial GC threshold: 21.00 MB
Current GC threshold: 98.75 MB
CDS: on
MetaspaceReclaimPolicy: balanced
 - commit_granule_bytes: 65536.
 - commit_granule_words: 8192.
 - virtual_space_node_default_size: 8388608.
 - enlarge_chunks_in_place: 1.
 - new_chunks_are_fully_committed: 0.
 - uncommit_free_chunks: 1.
 - use_allocation_guard: 0.


Internal statistics:

num_allocs_failed_limit: 9.
num_arena_births: 1158.
num_arena_deaths: 0.
num_vsnodes_births: 2.
num_vsnodes_deaths: 0.
num_space_committed: 1011.
num_space_uncommitted: 0.
num_chunks_returned_to_freelist: 9.
num_chunks_taken_from_freelist: 3310.
num_chunk_merges: 9.
num_chunk_splits: 2407.
num_chunks_enlarged: 1890.
num_inconsistent_stats: 0.

CodeCache: size=49152Kb used=10707Kb max_used=13394Kb free=38444Kb
 bounds [0x000001f2a50b0000, 0x000001f2a5dd0000, 0x000001f2a80b0000]
 total_blobs=6624 nmethods=5943 adapters=605
 compilation: enabled
              stopped_count=0, restarted_count=0
 full_count=0

Compilation events (20 events):
Event: 429.919 Thread 0x000001f2b7c212f0 5934       1       org.apache.tomcat.util.buf.ByteChunk::equalsIgnoreCase (76 bytes)
Event: 429.920 Thread 0x000001f2b7c212f0 nmethod 5934 0x000001f2a525bf90 code [0x000001f2a525c160, 0x000001f2a525c498]
Event: 429.920 Thread 0x000001f2b7c212f0 5935       1       jakarta.servlet.ServletRequestWrapper::getRequest (5 bytes)
Event: 429.920 Thread 0x000001f2b7c212f0 nmethod 5935 0x000001f2a525bc90 code [0x000001f2a525be20, 0x000001f2a525bef8]
Event: 429.920 Thread 0x000001f2b7c212f0 5936       1       org.apache.coyote.Request::method (5 bytes)
Event: 429.921 Thread 0x000001f2b7c212f0 nmethod 5936 0x000001f2a525b990 code [0x000001f2a525bb20, 0x000001f2a525bbf8]
Event: 429.923 Thread 0x000001f2b7c212f0 5937   !   1       java.lang.String::<init> (884 bytes)
Event: 429.924 Thread 0x000001f2b7c212f0 nmethod 5937 0x000001f2a5257e90 code [0x000001f2a5258280, 0x000001f2a525a058]
Event: 429.925 Thread 0x000001f2b7c212f0 5938       1       com.fasterxml.jackson.databind.util.internal.PrivateMaxEntriesMap$Node::getNext (5 bytes)
Event: 429.925 Thread 0x000001f2b7c212f0 nmethod 5938 0x000001f2a5257b90 code [0x000001f2a5257d20, 0x000001f2a5257df8]
Event: 429.925 Thread 0x000001f2b7c212f0 5939       1       com.fasterxml.jackson.databind.JavaType::getReferencedType (2 bytes)
Event: 429.925 Thread 0x000001f2b7c212f0 nmethod 5939 0x000001f2a5257890 code [0x000001f2a5257a20, 0x000001f2a5257af8]
Event: 429.925 Thread 0x000001f2b7c212f0 5940       1       com.fasterxml.jackson.databind.type.TypeBase::getBindings (5 bytes)
Event: 429.925 Thread 0x000001f2b7c212f0 nmethod 5940 0x000001f2a5257590 code [0x000001f2a5257720, 0x000001f2a52577f8]
Event: 429.925 Thread 0x000001f2b7c212f0 5941       1       com.fasterxml.jackson.databind.util.internal.PrivateMaxEntriesMap$Node::setNext (9 bytes)
Event: 429.925 Thread 0x000001f2b7c212f0 nmethod 5941 0x000001f2a5257190 code [0x000001f2a5257320, 0x000001f2a5257478]
Event: 429.925 Thread 0x000001f2b7c212f0 5942       1       com.fasterxml.jackson.databind.util.internal.PrivateMaxEntriesMap$Node::setPrevious (9 bytes)
Event: 429.925 Thread 0x000001f2b7c212f0 nmethod 5942 0x000001f2a5256d90 code [0x000001f2a5256f20, 0x000001f2a5257078]
Event: 429.925 Thread 0x000001f2b7c212f0 5943       1       com.fasterxml.jackson.databind.cfg.BaseSettings::getAnnotationIntrospector (5 bytes)
Event: 429.925 Thread 0x000001f2b7c212f0 nmethod 5943 0x000001f2a5256a90 code [0x000001f2a5256c20, 0x000001f2a5256cf8]

GC Heap History (20 events):
Event: 1.790 GC heap before
{Heap before GC invocations=4 (full 0):
 garbage-first heap   total 55296K, used 41666K [0x0000000724e00000, 0x0000000800000000)
  region size 2048K, 17 young (34816K), 3 survivors (6144K)
 Metaspace       used 24712K, committed 25216K, reserved 1114112K
  class space    used 3241K, committed 3456K, reserved 1048576K
}
Event: 1.795 GC heap after
{Heap after GC invocations=5 (full 0):
 garbage-first heap   total 55296K, used 15482K [0x0000000724e00000, 0x0000000800000000)
  region size 2048K, 2 young (4096K), 2 survivors (4096K)
 Metaspace       used 24712K, committed 25216K, reserved 1114112K
  class space    used 3241K, committed 3456K, reserved 1048576K
}
Event: 1.821 GC heap before
{Heap before GC invocations=5 (full 0):
 garbage-first heap   total 55296K, used 17530K [0x0000000724e00000, 0x0000000800000000)
  region size 2048K, 3 young (6144K), 2 survivors (4096K)
 Metaspace       used 25034K, committed 25536K, reserved 1114112K
  class space    used 3296K, committed 3520K, reserved 1048576K
}
Event: 1.824 GC heap after
{Heap after GC invocations=6 (full 0):
 garbage-first heap   total 55296K, used 15526K [0x0000000724e00000, 0x0000000800000000)
  region size 2048K, 1 young (2048K), 1 survivors (2048K)
 Metaspace       used 25034K, committed 25536K, reserved 1114112K
  class space    used 3296K, committed 3520K, reserved 1048576K
}
Event: 2.049 GC heap before
{Heap before GC invocations=6 (full 0):
 garbage-first heap   total 55296K, used 31910K [0x0000000724e00000, 0x0000000800000000)
  region size 2048K, 10 young (20480K), 1 survivors (2048K)
 Metaspace       used 28050K, committed 28608K, reserved 1114112K
  class space    used 3706K, committed 3968K, reserved 1048576K
}
Event: 2.052 GC heap after
{Heap after GC invocations=7 (full 0):
 garbage-first heap   total 141312K, used 17385K [0x0000000724e00000, 0x0000000800000000)
  region size 2048K, 2 young (4096K), 2 survivors (4096K)
 Metaspace       used 28050K, committed 28608K, reserved 1114112K
  class space    used 3706K, committed 3968K, reserved 1048576K
}
Event: 2.492 GC heap before
{Heap before GC invocations=7 (full 0):
 garbage-first heap   total 141312K, used 50153K [0x0000000724e00000, 0x0000000800000000)
  region size 2048K, 19 young (38912K), 2 survivors (4096K)
 Metaspace       used 35503K, committed 36096K, reserved 1114112K
  class space    used 4770K, committed 5056K, reserved 1048576K
}
Event: 2.495 GC heap after
{Heap after GC invocations=8 (full 0):
 garbage-first heap   total 141312K, used 19256K [0x0000000724e00000, 0x0000000800000000)
  region size 2048K, 3 young (6144K), 3 survivors (6144K)
 Metaspace       used 35503K, committed 36096K, reserved 1114112K
  class space    used 4770K, committed 5056K, reserved 1048576K
}
Event: 3.157 GC heap before
{Heap before GC invocations=9 (full 0):
 garbage-first heap   total 81920K, used 62264K [0x0000000724e00000, 0x0000000800000000)
  region size 2048K, 24 young (49152K), 3 survivors (6144K)
 Metaspace       used 47852K, committed 48576K, reserved 1114112K
  class space    used 6567K, committed 6912K, reserved 1048576K
}
Event: 3.161 GC heap after
{Heap after GC invocations=10 (full 0):
 garbage-first heap   total 81920K, used 22000K [0x0000000724e00000, 0x0000000800000000)
  region size 2048K, 3 young (6144K), 3 survivors (6144K)
 Metaspace       used 47852K, committed 48576K, reserved 1114112K
  class space    used 6567K, committed 6912K, reserved 1048576K
}
Event: 3.186 GC heap before
{Heap before GC invocations=10 (full 0):
 garbage-first heap   total 81920K, used 24048K [0x0000000724e00000, 0x0000000800000000)
  region size 2048K, 4 young (8192K), 3 survivors (6144K)
 Metaspace       used 48396K, committed 49088K, reserved 1114112K
  class space    used 6650K, committed 6976K, reserved 1048576K
}
Event: 3.188 GC heap after
{Heap after GC invocations=11 (full 0):
 garbage-first heap   total 81920K, used 22392K [0x0000000724e00000, 0x0000000800000000)
  region size 2048K, 1 young (2048K), 1 survivors (2048K)
 Metaspace       used 48396K, committed 49088K, reserved 1114112K
  class space    used 6650K, committed 6976K, reserved 1048576K
}
Event: 3.554 GC heap before
{Heap before GC invocations=11 (full 0):
 garbage-first heap   total 81920K, used 57208K [0x0000000724e00000, 0x0000000800000000)
  region size 2048K, 19 young (38912K), 1 survivors (2048K)
 Metaspace       used 52885K, committed 53568K, reserved 1114112K
  class space    used 7303K, committed 7616K, reserved 1048576K
}
Event: 3.557 GC heap after
{Heap after GC invocations=12 (full 0):
 garbage-first heap   total 81920K, used 24898K [0x0000000724e00000, 0x0000000800000000)
  region size 2048K, 2 young (4096K), 2 survivors (4096K)
 Metaspace       used 52885K, committed 53568K, reserved 1114112K
  class space    used 7303K, committed 7616K, reserved 1048576K
}
Event: 11.855 GC heap before
{Heap before GC invocations=12 (full 0):
 garbage-first heap   total 81920K, used 61762K [0x0000000724e00000, 0x0000000800000000)
  region size 2048K, 20 young (40960K), 2 survivors (4096K)
 Metaspace       used 57259K, committed 58048K, reserved 1114112K
  class space    used 7936K, committed 8320K, reserved 1048576K
}
Event: 11.858 GC heap after
{Heap after GC invocations=13 (full 0):
 garbage-first heap   total 81920K, used 28194K [0x0000000724e00000, 0x0000000800000000)
  region size 2048K, 2 young (4096K), 2 survivors (4096K)
 Metaspace       used 57259K, committed 58048K, reserved 1114112K
  class space    used 7936K, committed 8320K, reserved 1048576K
}
Event: 12.004 GC heap before
{Heap before GC invocations=13 (full 0):
 garbage-first heap   total 81920K, used 36386K [0x0000000724e00000, 0x0000000800000000)
  region size 2048K, 7 young (14336K), 2 survivors (4096K)
 Metaspace       used 59665K, committed 60416K, reserved 1114112K
  class space    used 8266K, committed 8640K, reserved 1048576K
}
Event: 12.007 GC heap after
{Heap after GC invocations=14 (full 0):
 garbage-first heap   total 81920K, used 29135K [0x0000000724e00000, 0x0000000800000000)
  region size 2048K, 1 young (2048K), 1 survivors (2048K)
 Metaspace       used 59665K, committed 60416K, reserved 1114112K
  class space    used 8266K, committed 8640K, reserved 1048576K
}
Event: 408.826 GC heap before
{Heap before GC invocations=15 (full 0):
 garbage-first heap   total 81920K, used 59855K [0x0000000724e00000, 0x0000000800000000)
  region size 2048K, 17 young (34816K), 1 survivors (2048K)
 Metaspace       used 63939K, committed 64704K, reserved 1114112K
  class space    used 8779K, committed 9152K, reserved 1048576K
}
Event: 408.828 GC heap after
{Heap after GC invocations=16 (full 0):
 garbage-first heap   total 81920K, used 30065K [0x0000000724e00000, 0x0000000800000000)
  region size 2048K, 1 young (2048K), 1 survivors (2048K)
 Metaspace       used 63939K, committed 64704K, reserved 1114112K
  class space    used 8779K, committed 9152K, reserved 1048576K
}

Dll operation events (15 events):
Event: 0.007 Loaded shared library C:\Users\ilyak\.jdks\openjdk-19.0.1\bin\java.dll
Event: 0.013 Loaded shared library C:\Users\ilyak\.jdks\openjdk-19.0.1\bin\jsvml.dll
Event: 0.084 Loaded shared library C:\Users\ilyak\.jdks\openjdk-19.0.1\bin\zip.dll
Event: 0.086 Loaded shared library C:\Users\ilyak\.jdks\openjdk-19.0.1\bin\instrument.dll
Event: 0.090 Loaded shared library C:\Users\ilyak\.jdks\openjdk-19.0.1\bin\net.dll
Event: 0.092 Loaded shared library C:\Users\ilyak\.jdks\openjdk-19.0.1\bin\nio.dll
Event: 0.094 Loaded shared library C:\Users\ilyak\.jdks\openjdk-19.0.1\bin\zip.dll
Event: 0.141 Loaded shared library C:\Program Files\JetBrains\IntelliJ IDEA 2022.2.3\bin\breakgen64.dll
Event: 0.146 Loaded shared library C:\Users\ilyak\.jdks\openjdk-19.0.1\bin\jimage.dll
Event: 0.149 Loaded shared library C:\Users\ilyak\.jdks\openjdk-19.0.1\bin\extnet.dll
Event: 0.165 Loaded shared library C:\Users\ilyak\.jdks\openjdk-19.0.1\bin\management.dll
Event: 0.176 Loaded shared library C:\Users\ilyak\.jdks\openjdk-19.0.1\bin\management_ext.dll
Event: 0.927 Loaded shared library C:\Users\ilyak\.jdks\openjdk-19.0.1\bin\verify.dll
Event: 2.026 Loaded shared library C:\Users\ilyak\.jdks\openjdk-19.0.1\bin\sunmscapi.dll
Event: 375.121 Loaded shared library C:\Users\ilyak\AppData\Local\Temp\libasyncProfiler.dll

Deoptimization events (14 events):
Event: 0.281 Thread 0x000001f29d168720 DEOPT PACKING pc=0x000001f2a5475dd5 sp=0x000000018c8fd3d0
Event: 0.281 Thread 0x000001f29d168720 DEOPT UNPACKING pc=0x000001f2a5117543 sp=0x000000018c8fc880 mode 3
Event: 0.290 Thread 0x000001f29d168720 DEOPT PACKING pc=0x000001f2a54902d0 sp=0x000000018c8fd3a0
Event: 0.290 Thread 0x000001f29d168720 DEOPT UNPACKING pc=0x000001f2a5117543 sp=0x000000018c8fc858 mode 3
Event: 0.976 Thread 0x000001f2b8565b00 DEOPT PACKING pc=0x000001f2a5868d99 sp=0x000000018e6fd160
Event: 0.976 Thread 0x000001f2b8565b00 DEOPT UNPACKING pc=0x000001f2a5117543 sp=0x000000018e6fc640 mode 3
Event: 2.138 Thread 0x000001f2b8565b00 DEOPT PACKING pc=0x000001f2a5b2b325 sp=0x000000018e6fc2b0
Event: 2.138 Thread 0x000001f2b8565b00 DEOPT UNPACKING pc=0x000001f2a5117543 sp=0x000000018e6fb818 mode 3
Event: 3.334 Thread 0x000001f2b8565b00 DEOPT PACKING pc=0x000001f2a588b4d4 sp=0x000000018e6fce70
Event: 3.334 Thread 0x000001f2b8565b00 DEOPT UNPACKING pc=0x000001f2a5117543 sp=0x000000018e6fc3c8 mode 0
Event: 3.637 Thread 0x000001f2b8565b00 DEOPT PACKING pc=0x000001f2a58b2e72 sp=0x000000018e6fb8e0
Event: 3.637 Thread 0x000001f2b8565b00 DEOPT UNPACKING pc=0x000001f2a5117543 sp=0x000000018e6fade8 mode 3
Event: 3.638 Thread 0x000001f2b8565b00 DEOPT PACKING pc=0x000001f2a585d714 sp=0x000000018e6fb8a0
Event: 3.638 Thread 0x000001f2b8565b00 DEOPT UNPACKING pc=0x000001f2a5117543 sp=0x000000018e6fade8 mode 3

Classes loaded (20 events):
Event: 12.153 Loading class com/sun/org/apache/xalan/internal/xsltc/runtime/ErrorMessages_ru_RU
Event: 12.153 Loading class com/sun/org/apache/xalan/internal/xsltc/runtime/ErrorMessages_ru_RU done
Event: 12.153 Loading class com/sun/org/apache/xalan/internal/xsltc/runtime/ErrorMessages_ru_RU
Event: 12.153 Loading class com/sun/org/apache/xalan/internal/xsltc/runtime/ErrorMessages_ru_RU done
Event: 12.153 Loading class com/sun/org/apache/xalan/internal/xsltc/dom/DOMAdapter
Event: 12.154 Loading class com/sun/org/apache/xalan/internal/xsltc/dom/DOMAdapter done
Event: 12.154 Loading class com/sun/org/apache/xml/internal/serializer/ToStream$CharacterBuffer$1
Event: 12.154 Loading class com/sun/org/apache/xml/internal/serializer/ToStream$CharacterBuffer$GenericCharacters
Event: 12.154 Loading class com/sun/org/apache/xml/internal/serializer/ToStream$CharacterBuffer$GenericCharacters done
Event: 12.154 Loading class com/sun/org/apache/xml/internal/serializer/ToStream$CharacterBuffer$1 done
Event: 12.154 Loading class com/sun/org/apache/xml/internal/dtm/ref/sax2dtm/SAX2DTM2$ChildrenIterator
Event: 12.154 Loading class com/sun/org/apache/xml/internal/dtm/ref/sax2dtm/SAX2DTM2$ChildrenIterator done
Event: 12.154 Loading class com/sun/org/apache/xml/internal/serializer/EncodingInfo$EncodingImpl
Event: 12.154 Loading class com/sun/org/apache/xml/internal/serializer/EncodingInfo$InEncoding
Event: 12.154 Loading class com/sun/org/apache/xml/internal/serializer/EncodingInfo$InEncoding done
Event: 12.154 Loading class com/sun/org/apache/xml/internal/serializer/EncodingInfo$EncodingImpl done
Event: 12.154 Loading class com/sun/org/apache/xml/internal/dtm/ref/sax2dtm/SAX2DTM2$TypedChildrenIterator
Event: 12.155 Loading class com/sun/org/apache/xml/internal/dtm/ref/sax2dtm/SAX2DTM2$TypedChildrenIterator done
Event: 12.155 Loading class com/sun/org/apache/xml/internal/serializer/WriterToASCI
Event: 12.155 Loading class com/sun/org/apache/xml/internal/serializer/WriterToASCI done

Classes unloaded (0 events):
No events

Classes redefined (0 events):
No events

Internal exceptions (20 events):
Event: 3.503 Thread 0x000001f2b8565b00 Exception <a 'java/lang/IncompatibleClassChangeError'{0x0000000727cb5d78}: Found class java.lang.Object, but interface was expected> (0x0000000727cb5d78) 
thrown [s\open\src\hotspot\share\interpreter\linkResolver.cpp, line 841]
Event: 3.536 Thread 0x000001f2b8565b00 Exception <a 'java/lang/NoSuchMethodError'{0x00000007278d3808}: 'java.lang.Object java.lang.invoke.DirectMethodHandle$Holder.invokeVirtual(java.lang.Object, java.lang.Object, int)'> (0x00000007278d3808) 
thrown [s\open\src\hotspot\share\interpreter\linkResolver.cpp, line 774]
Event: 3.570 Thread 0x000001f2b8565b00 Exception <a 'java/lang/NoSuchMethodError'{0x000000073293ef98}: 'java.lang.Object java.lang.invoke.DirectMethodHandle$Holder.invokeVirtual(java.lang.Object, java.lang.Object, java.lang.Object, java.lang.Object, java.lang.Object, java.lang.Object)'> (0x000000073293ef98) 
thrown [s\open\src\hotspot\share\interpreter\linkResolver.cpp, line 774]
Event: 3.581 Thread 0x000001f2b8565b00 Exception <a 'java/lang/NoSuchMethodError'{0x00000007329b7cc0}: 'java.lang.Object java.lang.invoke.DirectMethodHandle$Holder.invokeVirtual(java.lang.Object, java.lang.Object, java.lang.Object, java.lang.Object, java.lang.Object, java.lang.Object, java.lang.Object, java.lang.Object)'> (0x00000007329b7cc0) 
thrown [s\open\src\hotspot\share\interpreter\linkResolver.cpp, line 774]
Event: 3.685 Thread 0x000001f2b8565b00 Exception <a 'java/lang/NoSuchMethodError'{0x0000000729559e48}: 'void java.lang.invoke.DirectMethodHandle$Holder.invokeVirtual(java.lang.Object, java.lang.Object, long)'> (0x0000000729559e48) 
thrown [s\open\src\hotspot\share\interpreter\linkResolver.cpp, line 774]
Event: 3.767 Thread 0x000001f2b8565b00 Exception <a 'java/lang/IncompatibleClassChangeError'{0x0000000728f2ae28}: Found class java.lang.Object, but interface was expected> (0x0000000728f2ae28) 
thrown [s\open\src\hotspot\share\interpreter\linkResolver.cpp, line 841]
Event: 3.792 Thread 0x000001f2b8565b00 Exception <a 'java/lang/NoSuchMethodError'{0x0000000728ce8fa8}: 'java.lang.Object java.lang.invoke.DirectMethodHandle$Holder.invokeVirtual(java.lang.Object, java.lang.Object, java.lang.Object, java.lang.Object, java.lang.Object, java.lang.Object, java.lang.Object)'> (0x0000000728ce8fa8) 
thrown [s\open\src\hotspot\share\interpreter\linkResolver.cpp, line 774]
Event: 3.956 Thread 0x000001f2b8565b00 Exception <a 'java/lang/NoSuchMethodError'{0x00000007281e0608}: 'java.lang.Object java.lang.invoke.DirectMethodHandle$Holder.newInvokeSpecial(java.lang.Object, java.lang.Object, int, java.lang.Object, java.lang.Object)'> (0x00000007281e0608) 
thrown [s\open\src\hotspot\share\interpreter\linkResolver.cpp, line 774]
Event: 3.957 Thread 0x000001f2b8565b00 Exception <a 'java/lang/NoSuchMethodError'{0x00000007281ebc98}: 'java.lang.Object java.lang.invoke.DirectMethodHandle$Holder.invokeSpecial(java.lang.Object, java.lang.Object, int, java.lang.Object, int, java.lang.Object)'> (0x00000007281ebc98) 
thrown [s\open\src\hotspot\share\interpreter\linkResolver.cpp, line 774]
Event: 3.957 Thread 0x000001f2b8565b00 Exception <a 'java/lang/NoSuchMethodError'{0x00000007281f3d30}: 'java.lang.Object java.lang.invoke.DirectMethodHandle$Holder.newInvokeSpecial(java.lang.Object, java.lang.Object, int, java.lang.Object, int)'> (0x00000007281f3d30) 
thrown [s\open\src\hotspot\share\interpreter\linkResolver.cpp, line 774]
Event: 3.957 Thread 0x000001f2b8565b00 Exception <a 'java/lang/NoSuchMethodError'{0x00000007281f7e48}: 'java.lang.Object java.lang.invoke.DirectMethodHandle$Holder.invokeSpecial(java.lang.Object, java.lang.Object, java.lang.Object, int, java.lang.Object, int)'> (0x00000007281f7e48) 
thrown [s\open\src\hotspot\share\interpreter\linkResolver.cpp, line 774]
Event: 4.410 Thread 0x000001f2b92c9ca0 Exception <a 'java/lang/NoSuchMethodError'{0x0000000727dd7610}: 'java.lang.Object java.lang.invoke.DirectMethodHandle$Holder.invokeInterface(java.lang.Object, java.lang.Object, java.lang.Object, java.lang.Object, java.lang.Object, java.lang.Object, java.lang.Object)'> (0x0000000727dd7610) 
thrown [s\open\src\hotspot\share\interpreter\linkResolver.cpp, line 774]
Event: 11.855 Thread 0x000001f2b9db4350 Exception <a 'java/lang/NoSuchMethodError'{0x0000000727bfb1b8}: 'java.lang.Object java.lang.invoke.DirectMethodHandle$Holder.invokeSpecial(java.lang.Object, java.lang.Object, java.lang.Object, java.lang.Object, java.lang.Object, long)'> (0x0000000727bfb1b8) 
thrown [s\open\src\hotspot\share\interpreter\linkResolver.cpp, line 774]
Event: 11.855 Thread 0x000001f2b9db4350 Exception <a 'java/lang/NoSuchMethodError'{0x0000000727bfec08}: 'java.lang.Object java.lang.invoke.Invokers$Holder.linkToTargetMethod(java.lang.Object, java.lang.Object, java.lang.Object, long, java.lang.Object)'> (0x0000000727bfec08) 
thrown [s\open\src\hotspot\share\interpreter\linkResolver.cpp, line 774]
Event: 11.921 Thread 0x000001f2b9db4350 Exception <a 'java/lang/NoSuchMethodError'{0x000000072b5ad160}: 'java.lang.Object java.lang.invoke.DirectMethodHandle$Holder.invokeInterface(java.lang.Object, java.lang.Object, java.lang.Object, java.lang.Object)'> (0x000000072b5ad160) 
thrown [s\open\src\hotspot\share\interpreter\linkResolver.cpp, line 774]
Event: 11.934 Thread 0x000001f2b9db4350 Exception <a 'java/lang/IncompatibleClassChangeError'{0x000000072b2a0a38}: Found class java.lang.Object, but interface was expected> (0x000000072b2a0a38) 
thrown [s\open\src\hotspot\share\interpreter\linkResolver.cpp, line 841]
Event: 12.114 Thread 0x000001f2b9db4350 Exception <a 'java/lang/ClassNotFoundException'{0x000000072890eb90}: com/sun/org/apache/xml/internal/serializer/spi/HTMLEntitiesProvider> (0x000000072890eb90) 
thrown [s\open\src\hotspot\share\classfile\systemDictionary.cpp, line 255]
Event: 12.124 Thread 0x000001f2b9db4350 Exception <a 'java/lang/NoSuchMethodError'{0x00000007289ce708}: 'java.lang.Object java.lang.invoke.DirectMethodHandle$Holder.invokeSpecial(java.lang.Object, java.lang.Object, java.lang.Object, int, int)'> (0x00000007289ce708) 
thrown [s\open\src\hotspot\share\interpreter\linkResolver.cpp, line 774]
Event: 12.153 Thread 0x000001f2b9db4350 Exception <a 'java/lang/ClassNotFoundException'{0x00000007286973f8}: com/sun/org/apache/xalan/internal/xsltc/runtime/spi/ErrorMessagesProvider> (0x00000007286973f8) 
thrown [s\open\src\hotspot\share\classfile\systemDictionary.cpp, line 255]
Event: 375.124 Thread 0x000001f2b347e5a0 Exception <a 'java/lang/IllegalArgumentException'{0x0000000727c80378}: Unknown argument 'foldmultilines' in diagnostic command.> (0x0000000727c80378) 
thrown [s\open\src\hotspot\share\services\diagnosticFramework.cpp, line 215]

VM Operations (20 events):
Event: 123.184 Executing VM operation: Cleanup
Event: 123.184 Executing VM operation: Cleanup done
Event: 133.270 Executing VM operation: Cleanup
Event: 133.270 Executing VM operation: Cleanup done
Event: 142.360 Executing VM operation: Cleanup
Event: 142.361 Executing VM operation: Cleanup done
Event: 197.811 Executing VM operation: Cleanup
Event: 197.811 Executing VM operation: Cleanup done
Event: 200.825 Executing VM operation: Cleanup
Event: 200.825 Executing VM operation: Cleanup done
Event: 202.834 Executing VM operation: Cleanup
Event: 202.835 Executing VM operation: Cleanup done
Event: 203.849 Executing VM operation: Cleanup
Event: 203.849 Executing VM operation: Cleanup done
Event: 204.859 Executing VM operation: Cleanup
Event: 204.860 Executing VM operation: Cleanup done
Event: 262.355 Executing VM operation: Cleanup
Event: 262.356 Executing VM operation: Cleanup done
Event: 408.826 Executing VM operation: G1CollectForAllocation
Event: 408.828 Executing VM operation: G1CollectForAllocation done

Events (20 events):
Event: 4.413 Thread 0x000001f2ba59c030 Thread added: 0x000001f2ba59c030
Event: 4.414 Thread 0x000001f2ba59eab0 Thread added: 0x000001f2ba59eab0
Event: 4.415 Thread 0x000001f2ba59c580 Thread added: 0x000001f2ba59c580
Event: 4.418 Thread 0x000001f2ba59c030 Thread exited: 0x000001f2ba59c030
Event: 4.418 Thread 0x000001f2ba59c580 Thread exited: 0x000001f2ba59c580
Event: 4.963 Thread 0x000001f2b8f99430 Thread exited: 0x000001f2b8f99430
Event: 7.624 Thread 0x000001f2b8f97df0 Thread exited: 0x000001f2b8f97df0
Event: 8.037 Thread 0x000001f2b8f799b0 Thread exited: 0x000001f2b8f799b0
Event: 8.097 Thread 0x000001f2b9db2370 Thread exited: 0x000001f2b9db2370
Event: 10.704 Thread 0x000001f2b7d056d0 Thread exited: 0x000001f2b7d056d0
Event: 11.116 Thread 0x000001f2b7cf8ba0 Thread exited: 0x000001f2b7cf8ba0
Event: 11.116 Thread 0x000001f2b7d03140 Thread exited: 0x000001f2b7d03140
Event: 12.093 Thread 0x000001f2b8f9a4e0 Thread added: 0x000001f2b8f9a4e0
Event: 12.093 Thread 0x000001f2b8f99430 Thread added: 0x000001f2b8f99430
Event: 12.093 Thread 0x000001f2b8f97860 Thread added: 0x000001f2b8f97860
Event: 12.878 Thread 0x000001f2b8f97860 Thread exited: 0x000001f2b8f97860
Event: 12.878 Thread 0x000001f2b8f99430 Thread exited: 0x000001f2b8f99430
Event: 20.780 Thread 0x000001f2b8f9a4e0 Thread exited: 0x000001f2b8f9a4e0
Event: 72.885 Thread 0x000001f2ba59eab0 Thread exited: 0x000001f2ba59eab0
Event: 91.375 Thread 0x000001f2b92c9ca0 Thread exited: 0x000001f2b92c9ca0


Dynamic libraries:
0x00007ff656e30000 - 0x00007ff656e3e000 	C:\Users\ilyak\.jdks\openjdk-19.0.1\bin\java.exe
0x00007ffbc2db0000 - 0x00007ffbc2fc4000 	C:\Windows\SYSTEM32\ntdll.dll
0x00007ffbc2110000 - 0x00007ffbc21d3000 	C:\Windows\System32\KERNEL32.DLL
0x00007ffbc0650000 - 0x00007ffbc09ed000 	C:\Windows\System32\KERNELBASE.dll
0x00007ffbc0410000 - 0x00007ffbc0521000 	C:\Windows\System32\ucrtbase.dll
0x00007ffbb11b0000 - 0x00007ffbb11cb000 	C:\Users\ilyak\.jdks\openjdk-19.0.1\bin\VCRUNTIME140.dll
0x00007ffbb7850000 - 0x00007ffbb7867000 	C:\Users\ilyak\.jdks\openjdk-19.0.1\bin\jli.dll
0x00007ffbc2530000 - 0x00007ffbc26dd000 	C:\Windows\System32\USER32.dll
0x00007ffba8480000 - 0x00007ffba870e000 	C:\Windows\WinSxS\amd64_microsoft.windows.common-controls_6595b64144ccf1df_6.0.22621.608_none_a9444ca7c10bb01d\COMCTL32.dll
0x00007ffbc0340000 - 0x00007ffbc0366000 	C:\Windows\System32\win32u.dll
0x00007ffbc2940000 - 0x00007ffbc2969000 	C:\Windows\System32\GDI32.dll
0x00007ffbc2480000 - 0x00007ffbc2527000 	C:\Windows\System32\msvcrt.dll
0x00007ffbc0530000 - 0x00007ffbc0642000 	C:\Windows\System32\gdi32full.dll
0x00007ffbc0370000 - 0x00007ffbc040a000 	C:\Windows\System32\msvcp_win.dll
0x00007ffbc2cb0000 - 0x00007ffbc2ce2000 	C:\Windows\System32\IMM32.DLL
0x00007ffbb9120000 - 0x00007ffbb912c000 	C:\Users\ilyak\.jdks\openjdk-19.0.1\bin\vcruntime140_1.dll
0x00007ffb9cb60000 - 0x00007ffb9cbee000 	C:\Users\ilyak\.jdks\openjdk-19.0.1\bin\msvcp140.dll
0x00007ffb51330000 - 0x00007ffb51ff0000 	C:\Users\ilyak\.jdks\openjdk-19.0.1\bin\server\jvm.dll
0x00007ffbc26e0000 - 0x00007ffbc278e000 	C:\Windows\System32\ADVAPI32.dll
0x00007ffbc2890000 - 0x00007ffbc2934000 	C:\Windows\System32\sechost.dll
0x00007ffbc15b0000 - 0x00007ffbc16c5000 	C:\Windows\System32\RPCRT4.dll
0x00007ffbaa250000 - 0x00007ffbaa259000 	C:\Windows\SYSTEM32\WSOCK32.dll
0x00007ffbb7b60000 - 0x00007ffbb7b94000 	C:\Windows\SYSTEM32\WINMM.dll
0x00007ffbb9bc0000 - 0x00007ffbb9bca000 	C:\Windows\SYSTEM32\VERSION.dll
0x00007ffbc2090000 - 0x00007ffbc2101000 	C:\Windows\System32\WS2_32.dll
0x00007ffbbf1f0000 - 0x00007ffbbf208000 	C:\Windows\SYSTEM32\kernel.appcore.dll
0x00007ffbb7d30000 - 0x00007ffbb7d3a000 	C:\Users\ilyak\.jdks\openjdk-19.0.1\bin\jimage.dll
0x00007ffbbdb40000 - 0x00007ffbbdd6e000 	C:\Windows\SYSTEM32\DBGHELP.DLL
0x00007ffbc16d0000 - 0x00007ffbc1a5a000 	C:\Windows\System32\combase.dll
0x00007ffbc23a0000 - 0x00007ffbc2477000 	C:\Windows\System32\OLEAUT32.dll
0x00007ffbb7af0000 - 0x00007ffbb7b22000 	C:\Windows\SYSTEM32\dbgcore.DLL
0x00007ffbc0b20000 - 0x00007ffbc0b9b000 	C:\Windows\System32\bcryptPrimitives.dll
0x00007ffbbc4b0000 - 0x00007ffbbc4be000 	C:\Users\ilyak\.jdks\openjdk-19.0.1\bin\instrument.dll
0x00007ffbb1180000 - 0x00007ffbb11a6000 	C:\Users\ilyak\.jdks\openjdk-19.0.1\bin\java.dll
0x00007ffb974b0000 - 0x00007ffb97587000 	C:\Users\ilyak\.jdks\openjdk-19.0.1\bin\jsvml.dll
0x00007ffbc0dc0000 - 0x00007ffbc15af000 	C:\Windows\System32\SHELL32.dll
0x00007ffbbe1b0000 - 0x00007ffbbea78000 	C:\Windows\SYSTEM32\windows.storage.dll
0x00007ffbbe070000 - 0x00007ffbbe1ae000 	C:\Windows\SYSTEM32\wintypes.dll
0x00007ffbc1b00000 - 0x00007ffbc1bf1000 	C:\Windows\System32\SHCORE.dll
0x00007ffbc0ca0000 - 0x00007ffbc0cfe000 	C:\Windows\System32\shlwapi.dll
0x00007ffbc0100000 - 0x00007ffbc0121000 	C:\Windows\SYSTEM32\profapi.dll
0x00007ffbb0940000 - 0x00007ffbb0958000 	C:\Users\ilyak\.jdks\openjdk-19.0.1\bin\zip.dll
0x00007ffbb0ba0000 - 0x00007ffbb0bb3000 	C:\Users\ilyak\.jdks\openjdk-19.0.1\bin\net.dll
0x00007ffbbad50000 - 0x00007ffbbae7f000 	C:\Windows\SYSTEM32\WINHTTP.dll
0x00007ffbbf640000 - 0x00007ffbbf6a9000 	C:\Windows\system32\mswsock.dll
0x00007ffbb0b80000 - 0x00007ffbb0b96000 	C:\Users\ilyak\.jdks\openjdk-19.0.1\bin\nio.dll
0x00007ffbba550000 - 0x00007ffbba56a000 	C:\Program Files\JetBrains\IntelliJ IDEA 2022.2.3\bin\breakgen64.dll
0x00007ffbb7c70000 - 0x00007ffbb7c78000 	C:\Users\ilyak\.jdks\openjdk-19.0.1\bin\extnet.dll
0x00007ffbbed40000 - 0x00007ffbbee32000 	C:\Windows\SYSTEM32\DNSAPI.dll
0x00007ffbbecd0000 - 0x00007ffbbecfd000 	C:\Windows\SYSTEM32\IPHLPAPI.DLL
0x00007ffbc0c20000 - 0x00007ffbc0c29000 	C:\Windows\System32\NSI.dll
0x00007ffbb9660000 - 0x00007ffbb966a000 	C:\Windows\System32\rasadhlp.dll
0x00007ffbb9950000 - 0x00007ffbb99d3000 	C:\Windows\System32\fwpuclnt.dll
0x00007ffbbc4f0000 - 0x00007ffbbc4fa000 	C:\Users\ilyak\.jdks\openjdk-19.0.1\bin\management.dll
0x00007ffbbc4d0000 - 0x00007ffbbc4db000 	C:\Users\ilyak\.jdks\openjdk-19.0.1\bin\management_ext.dll
0x00007ffbc1c00000 - 0x00007ffbc1c08000 	C:\Windows\System32\PSAPI.DLL
0x00007ffbbf960000 - 0x00007ffbbf97b000 	C:\Windows\SYSTEM32\CRYPTSP.dll
0x00007ffbbf160000 - 0x00007ffbbf195000 	C:\Windows\system32\rsaenh.dll
0x00007ffbbf6e0000 - 0x00007ffbbf708000 	C:\Windows\SYSTEM32\USERENV.dll
0x00007ffbbfaf0000 - 0x00007ffbbfb18000 	C:\Windows\SYSTEM32\bcrypt.dll
0x00007ffbbf940000 - 0x00007ffbbf94c000 	C:\Windows\SYSTEM32\CRYPTBASE.dll
0x00007ffbba7b0000 - 0x00007ffbba7c9000 	C:\Windows\SYSTEM32\dhcpcsvc6.DLL
0x00007ffbba790000 - 0x00007ffbba7af000 	C:\Windows\SYSTEM32\dhcpcsvc.DLL
0x00007ffb93470000 - 0x00007ffb93487000 	C:\Windows\system32\napinsp.dll
0x00007ffb93450000 - 0x00007ffb9346b000 	C:\Windows\system32\pnrpnsp.dll
0x00007ffb92ff0000 - 0x00007ffb93001000 	C:\Windows\System32\winrnr.dll
0x00007ffb9a5e0000 - 0x00007ffb9a5f5000 	C:\Windows\system32\wshbth.dll
0x00007ffbb0290000 - 0x00007ffbb02b1000 	C:\Windows\system32\nlansp_c.dll
0x00007ffbb7690000 - 0x00007ffbb76a0000 	C:\Users\ilyak\.jdks\openjdk-19.0.1\bin\verify.dll
0x00007ffbbc4c0000 - 0x00007ffbbc4ce000 	C:\Users\ilyak\.jdks\openjdk-19.0.1\bin\sunmscapi.dll
0x00007ffbc01d0000 - 0x00007ffbc0336000 	C:\Windows\System32\CRYPT32.dll
0x00007ffbbfac0000 - 0x00007ffbbfaed000 	C:\Windows\SYSTEM32\ncrypt.dll
0x00007ffbbfa80000 - 0x00007ffbbfab7000 	C:\Windows\SYSTEM32\NTASN1.dll
0x00007ffbba1f0000 - 0x00007ffbba1f8000 	C:\Windows\system32\wshunix.dll

dbghelp: loaded successfully - version: 4.0.5 - missing functions: none
symbol engine: initialized successfully - sym options: 0x614 - pdb path: .;C:\Users\ilyak\.jdks\openjdk-19.0.1\bin;C:\Windows\SYSTEM32;C:\Windows\WinSxS\amd64_microsoft.windows.common-controls_6595b64144ccf1df_6.0.22621.608_none_a9444ca7c10bb01d;C:\Users\ilyak\.jdks\openjdk-19.0.1\bin\server;C:\Program Files\JetBrains\IntelliJ IDEA 2022.2.3\bin;C:\Users\ilyak\AppData\Local\Temp

VM Arguments:
jvm_args: -XX:TieredStopAtLevel=1 -Dspring.output.ansi.enabled=always -Dcom.sun.management.jmxremote -Dspring.jmx.enabled=true -Dspring.liveBeansView.mbeanDomain -Dspring.application.admin.enabled=true -javaagent:C:\Program Files\JetBrains\IntelliJ IDEA 2022.2.3\lib\idea_rt.jar=52000:C:\Program Files\JetBrains\IntelliJ IDEA 2022.2.3\bin -Dfile.encoding=UTF-8 -Dsun.stdout.encoding=UTF-8 -Dsun.stderr.encoding=UTF-8 
java_command: com.example.lab2.Lab2Application
java_class_path (initial): C:\Users\ilyak\Desktop\ESA\Lab3\target\classes;C:\Users\ilyak\.m2\repository\javax\persistence\persistence-api\1.0.2\persistence-api-1.0.2.jar;C:\Users\ilyak\.m2\repository\javax\servlet\javax.servlet-api\4.0.1\javax.servlet-api-4.0.1.jar;C:\Users\ilyak\.m2\repository\org\springframework\boot\spring-boot-starter-data-jpa\3.0.1\spring-boot-starter-data-jpa-3.0.1.jar;C:\Users\ilyak\.m2\repository\org\springframework\boot\spring-boot-starter-aop\3.0.1\spring-boot-starter-aop-3.0.1.jar;C:\Users\ilyak\.m2\repository\org\springframework\spring-aop\6.0.3\spring-aop-6.0.3.jar;C:\Users\ilyak\.m2\repository\org\aspectj\aspectjweaver\1.9.19\aspectjweaver-1.9.19.jar;C:\Users\ilyak\.m2\repository\org\springframework\boot\spring-boot-starter-jdbc\3.0.1\spring-boot-starter-jdbc-3.0.1.jar;C:\Users\ilyak\.m2\repository\com\zaxxer\HikariCP\5.0.1\HikariCP-5.0.1.jar;C:\Users\ilyak\.m2\repository\org\springframework\spring-jdbc\6.0.3\spring-jdbc-6.0.3.jar;C:\Users\ilyak\.m2\repository\org\hibernate\orm\hibernate-core\6.1.6.Final\hibernate-core-6.1.6.Final.jar;C:\Users\ilyak\.m2\repository\jakarta\persistence\jakarta.persistence-api\3.1.0\jakarta.persistence-api-3.1.0.jar;C:\Users\ilyak\.m2\repository\jakarta\transaction\jakarta.transaction-api\2.0.1\jakarta.transaction-api-2.0.1.jar;C:\Users\ilyak\.m2\repository\org\jboss\logging\jboss-logging\3.5.0.Final\jboss-logging-3.5.0.Final.jar;C:\Users\ilyak\.m2\repository\org\hibernate\common\hibernate-commons-annotations\6.0.2.Final\hibernate-commons-annotations-6.0.2.Final.jar;C:\Users\ilyak\.m2\repository\org\jboss\jandex\2.4.2.Final\jandex-2.4.2.Final.jar;C:\Users\ilyak\.m2\repository\com\fasterxml\classmate\1.5.1\classmate-1.5.1.jar;C:\Users\ilyak\.m2\repository\net\bytebuddy\byte-buddy\1.12.20\byte-buddy-1.12.20.jar;C:\Users\ilyak\.m2\repository\org\glassfish\jaxb\jaxb-runtime\4.0.1\jaxb-runtime-4.0.1.jar;C:\Users\ilyak\.m2\repository\org\glassfish\jaxb\jaxb-core\4.0.1\jaxb-core-4.0.1.jar;C:\Users\ilyak\.m2\repository\org\eclipse\angus\angus-activation\1.0.0\angus-activation-1.0.0.jar;C:\Users\ilyak\.m2\repository\org\glassfish\jaxb\txw2\4.0.1\txw2-4.0.1.jar;C:\Users\ilyak\.m2\repository\com\sun\istack\istack-commons-runtime\4.1.1\istack-commons-runtime-4.1.1.jar;C:\Users\ilyak\.m2\repository\jakarta\inject\jakarta.inject-api\2.0.0\jakarta.inject-api-2.0.0.jar;C:\Users\ilyak\.m2\repository\org\antlr\antlr4-runtime\4.10.1\antlr4-runtime-4.10.1.jar;C:\Users\ilyak\.m2\repository\org\springframework\data\spring-data-jpa\3.0.0\spring-data-jpa-3.0.0.jar;C:\Users\ilyak\.m2\repository\org\springframework\data\spring-data-commons\3.0.0\spring-data-commons-3.0.0.jar;C:\Users\ilyak\.m2\repository\org\springframework\spring-orm\6.0.3\spring-orm-6.0.3.jar;C:\Users\ilyak\.m2\repository\org\springframework\spring-context\6.0.3\spring-context-6.0.3.jar;C:\Users\ilyak\.m2\repository\org\springframework\spring-tx\6.0.3\spring-tx-6.0.3.jar;C:\Users\ilyak\.m2\repository\org\springframework\spring-beans\6.0.3\spring-beans-6.0.3.jar;C:\Users\ilyak\.m2\repository\jakarta\annotation\jakarta.annotation-api\2.1.1\jakarta.annotation-api-2.1.1.jar;C:\Users\ilyak\.m2\repository\org\slf4j\slf4j-api\2.0.6\slf4j-api-2.0.6.jar;C:\Users\ilyak\.m2\repository\org\springframework\spring-aspects\6.0.3\spring-aspects-6.0.3.jar;C:\Users\ilyak\.m2\repository\org\springframework\boot\spring-boot-starter-web\3.0.1\spring-boot-starter-web-3.0.1.jar;C:\Users\ilyak\.m2\repository\org\springframework\boot\spring-boot-starter\3.0.1\spring-boot-starter-3.0.1.jar;C:\Users\ilyak\.m2\repository\org\springframework\boot\spring-boot-starter-logging\3.0.1\spring-boot-starter-logging-3.0.1.jar;C:\Users\ilyak\.m2\repository\ch\qos\logback\logback-classic\1.4.5\logback-classic-1.4.5.jar;C:\Users\ilyak\.m2\repository\ch\qos\logback\logback-core\1.4.5\logback-core-1.4.5.jar;C:\Users\ilyak\.m2\repository\org\apache\logging\log4j\log4j-to-slf4j\2.19.0\log4j-to-slf4j-2.19.0.jar;C:\Users\ilyak\.m2\repository\org\apache\logging\log4j\log4j-api\2.19.0\log4j-api-2.19.0.jar;C:\Users\ilyak\.m2\repository\org\slf4j\jul-to-slf4j\2.0.6\jul-to-slf4j-2.0.6.jar;C:\Users\ilyak\.m2\repository\org\yaml\snakeyaml\1.33\snakeyaml-1.33.jar;C:\Users\ilyak\.m2\repository\org\springframework\boot\spring-boot-starter-json\3.0.1\spring-boot-starter-json-3.0.1.jar;C:\Users\ilyak\.m2\repository\com\fasterxml\jackson\datatype\jackson-datatype-jdk8\2.14.1\jackson-datatype-jdk8-2.14.1.jar;C:\Users\ilyak\.m2\repository\com\fasterxml\jackson\datatype\jackson-datatype-jsr310\2.14.1\jackson-datatype-jsr310-2.14.1.jar;C:\Users\ilyak\.m2\repository\com\fasterxml\jackson\module\jackson-module-parameter-names\2.14.1\jackson-module-parameter-names-2.14.1.jar;C:\Users\ilyak\.m2\repository\org\springframework\boot\spring-boot-starter-tomcat\3.0.1\spring-boot-starter-tomcat-3.0.1.jar;C:\Users\ilyak\.m2\repository\org\apache\tomcat\embed\tomcat-embed-core\10.1.4\tomcat-embed-core-10.1.4.jar;C:\Users\ilyak\.m2\repository\org\apache\tomcat\embed\tomcat-embed-el\10.1.4\tomcat-embed-el-10.1.4.jar;C:\Users\ilyak\.m2\repository\org\apache\tomcat\embed\tomcat-embed-websocket\10.1.4\tomcat-embed-websocket-10.1.4.jar;C:\Users\ilyak\.m2\repository\org\springframework\spring-web\6.0.3\spring-web-6.0.3.jar;C:\Users\ilyak\.m2\repository\io\micrometer\micrometer-observation\1.10.2\micrometer-observation-1.10.2.jar;C:\Users\ilyak\.m2\repository\io\micrometer\micrometer-commons\1.10.2\micrometer-commons-1.10.2.jar;C:\Users\ilyak\.m2\repository\org\springframework\spring-webmvc\6.0.3\spring-webmvc-6.0.3.jar;C:\Users\ilyak\.m2\repository\org\springframework\spring-expression\6.0.3\spring-expression-6.0.3.jar;C:\Users\ilyak\.m2\repository\org\springframework\boot\spring-boot-devtools\3.0.1\spring-boot-devtools-3.0.1.jar;C:\Users\ilyak\.m2\repository\org\springframework\boot\spring-boot\3.0.1\spring-boot-3.0.1.jar;C:\Users\ilyak\.m2\repository\org\springframework\boot\spring-boot-autoconfigure\3.0.1\spring-boot-autoconfigure-3.0.1.jar;C:\Users\ilyak\.m2\repository\org\postgresql\postgresql\42.5.1\postgresql-42.5.1.jar;C:\Users\ilyak\.m2\repository\org\checkerframework\checker-qual\3.5.0\checker-qual-3.5.0.jar;C:\Users\ilyak\.m2\repository\org\springframework\boot\spring-boot-configuration-processor\3.0.1\spring-boot-configuration-processor-3.0.1.jar;C:\Users\ilyak\.m2\repository\org\springframework\boot\spring-boot-starter-data-rest\2.7.4\spring-boot-starter-data-rest-2.7.4.jar;C:\Users\ilyak\.m2\repository\org\springframework\data\spring-data-rest-webmvc\4.0.0\spring-data-rest-webmvc-4.0.0.jar;C:\Users\ilyak\.m2\repository\org\springframework\data\spring-data-rest-core\4.0.0\spring-data-rest-core-4.0.0.jar;C:\Users\ilyak\.m2\repository\org\springframework\hateoas\spring-hateoas\2.0.0\spring-hateoas-2.0.0.jar;C:\Users\ilyak\.m2\repository\org\springframework\plugin\spring-plugin-core\3.0.0\spring-plugin-core-3.0.0.jar;C:\Users\ilyak\.m2\repository\org\atteo\evo-inflector\1.3\evo-inflector-1.3.jar;C:\Users\ilyak\.m2\repository\org\projectlombok\lombok\1.18.24\lombok-1.18.24.jar;C:\Users\ilyak\.m2\repository\com\jayway\jsonpath\json-path\2.7.0\json-path-2.7.0.jar;C:\Users\ilyak\.m2\repository\net\minidev\json-smart\2.4.8\json-smart-2.4.8.jar;C:\Users\ilyak\.m2\repository\net\minidev\accessors-smart\2.4.8\accessors-smart-2.4.8.jar;C:\Users\ilyak\.m2\repository\org\ow2\asm\asm\9.1\asm-9.1.jar;C:\Users\ilyak\.m2\repository\jakarta\xml\bind\jakarta.xml.bind-api\4.0.0\jakarta.xml.bind-api-4.0.0.jar;C:\Users\ilyak\.m2\repository\jakarta\activation\jakarta.activation-api\2.1.0\jakarta.activation-api-2.1.0.jar;C:\Users\ilyak\.m2\repository\org\springframework\spring-core\6.0.3\spring-core-6.0.3.jar;C:\Users\ilyak\.m2\repository\org\springframework\spring-jcl\6.0.3\spring-jcl-6.0.3.jar;C:\Users\ilyak\.m2\repository\com\fasterxml\jackson\dataformat\jackson-dataformat-xml\2.14.1\jackson-dataformat-xml-2.14.1.jar;C:\Users\ilyak\.m2\repository\com\fasterxml\jackson\core\jackson-core\2.14.1\jackson-core-2.14.1.jar;C:\Users\ilyak\.m2\repository\com\fasterxml\jackson\core\jackson-annotations\2.14.1\jackson-annotations-2.14.1.jar;C:\Users\ilyak\.m2\repository\com\fasterxml\jackson\core\jackson-databind\2.14.1\jackson-databind-2.14.1.jar;C:\Users\ilyak\.m2\repository\org\codehaus\woodstox\stax2-api\4.2.1\stax2-api-4.2.1.jar;C:\Users\ilyak\.m2\repository\com\fasterxml\woodstox\woodstox-core\6.4.0\woodstox-core-6.4.0.jar;C:\Users\ilyak\.m2\repository\commons-io\commons-io\2.6\commons-io-2.6.jar
Launcher Type: SUN_STANDARD

[Global flags]
     intx CICompilerCount                          = 12                                        {product} {ergonomic}
     uint ConcGCThreads                            = 3                                         {product} {ergonomic}
     uint G1ConcRefinementThreads                  = 13                                        {product} {ergonomic}
   size_t G1HeapRegionSize                         = 2097152                                   {product} {ergonomic}
    uintx GCDrainStackTargetSize                   = 64                                        {product} {ergonomic}
   size_t InitialHeapSize                          = 230686720                                 {product} {ergonomic}
     bool ManagementServer                         = true                                      {product} {command line}
   size_t MarkStackSize                            = 4194304                                   {product} {ergonomic}
   size_t MaxHeapSize                              = 3676307456                                {product} {ergonomic}
   size_t MaxNewSize                               = 2204106752                                {product} {ergonomic}
   size_t MinHeapDeltaBytes                        = 2097152                                   {product} {ergonomic}
   size_t MinHeapSize                              = 8388608                                   {product} {ergonomic}
    uintx NonProfiledCodeHeapSize                  = 0                                      {pd product} {ergonomic}
     bool ProfileInterpreter                       = false                                  {pd product} {command line}
    uintx ProfiledCodeHeapSize                     = 0                                      {pd product} {ergonomic}
   size_t SoftMaxHeapSize                          = 3676307456                             {manageable} {ergonomic}
     intx TieredStopAtLevel                        = 1                                         {product} {command line}
     bool UseCompressedClassPointers               = true                           {product lp64_product} {ergonomic}
     bool UseCompressedOops                        = true                           {product lp64_product} {ergonomic}
     bool UseG1GC                                  = true                                      {product} {ergonomic}
     bool UseLargePagesIndividualAllocation        = false                                  {pd product} {ergonomic}

Logging:
Log output configuration:
 #0: stdout all=warning uptime,level,tags foldmultilines=false
 #1: stderr all=off uptime,level,tags foldmultilines=false

Environment Variables:
JAVA_HOME=C:\Program Files\Java\jdk-11.0.16.1\
PATH=C:\Program Files\Common Files\Oracle\Java\javapath;C:\Program Files (x86)\Common Files\Oracle\Java\javapath;C:\Windows\system32;C:\Windows;C:\Windows\System32\Wbem;C:\Windows\System32\WindowsPowerShell\v1.0\;C:\Windows\System32\OpenSSH\;C:\Program Files\Microsoft SQL Server\150\Tools\Binn\;C:\Program Files\Microsoft SQL Server\Client SDK\ODBC\170\Tools\Binn\;C:\Program Files\dotnet\;C:\Program Files\Git\cmd;C:\Program Files\Polyspace\R2020b\bin;C:\Program Files\PuTTY\;C:\Program Files\Docker\Docker\resources\bin;C:\Program Files\MySQL\MySQL Shell 8.0\bin\;C:\Users\ilyak\AppData\Local\Microsoft\WindowsApps;C:\Users\ilyak\.dotnet\tools;C:\Program Files\JetBrains\IntelliJ IDEA Community Edition 2022.2.3\bin;
USERNAME=ilyak
OS=Windows_NT
PROCESSOR_IDENTIFIER=AMD64 Family 25 Model 68 Stepping 1, AuthenticAMD
TMP=C:\Users\ilyak\AppData\Local\Temp
TEMP=C:\Users\ilyak\AppData\Local\Temp



---------------  S Y S T E M  ---------------

OS:
 Windows 11 , 64 bit Build 22621 (10.0.22621.963)
OS uptime: 1 days 3:10 hours
Hyper-V role detected

CPU: total 16 (initial active 16) (16 cores per cpu, 2 threads per core) family 25 model 68 stepping 1 microcode 0x0, cx8, cmov, fxsr, ht, mmx, 3dnowpref, sse, sse2, sse3, ssse3, sse4a, sse4.1, sse4.2, popcnt, lzcnt, tsc, tscinvbit, avx, avx2, aes, clmul, bmi1, bmi2, adx, sha, fma, vzeroupper, clflush, clflushopt, hv, rdtscp, rdpid

Memory: 4k page, system-wide physical 14020M (2673M free)
TotalPageFile size 27332M (AvailPageFile size 10133M)
current process WorkingSet (physical memory assigned to process): 228M, peak: 228M
current process commit charge ("private bytes"): 291M, peak: 358M

vm_info: OpenJDK 64-Bit Server VM (19.0.1+10-21) for windows-amd64 JRE (19.0.1+10-21), built on 2022-09-14T12:45:06Z by "mach5one" with MS VC++ 17.1 (VS2022)

END.
